Log file open, 05/17/20 12:31:04
LogWindows: Failed to load 'aqProf.dll' (GetLastError=126)
LogWindows: File 'aqProf.dll' does not exist
LogWindows: Failed to load 'VtuneApi.dll' (GetLastError=126)
LogWindows: File 'VtuneApi.dll' does not exist
LogWindows: Failed to load 'VtuneApi32e.dll' (GetLastError=126)
LogWindows: File 'VtuneApi32e.dll' does not exist
LogConsoleResponse: Display: Failed to find resolution value strings in scalability ini. Falling back to default.
LogInit: Display: Running engine for game: TheKidnappingFactory
LogPlatformFile: Not using cached read wrapper
LogTaskGraph: Started task graph with 5 named threads and 11 total threads with 3 sets of task threads.
LogStats: Stats thread started at 7.291840
LogD3D11RHI: Loaded GFSDK_Aftermath_Lib.x64.dll
LogICUInternationalization: ICU TimeZone Detection - Raw Offset: +0:00, Platform Override: ''
LogPluginManager: Mounting plugin Paper2D
LogPluginManager: Mounting plugin AISupport
LogPluginManager: Mounting plugin LightPropagationVolume
LogPluginManager: Mounting plugin ActorLayerUtilities
LogPluginManager: Mounting plugin AnimationSharing
LogPluginManager: Mounting plugin CLionSourceCodeAccess
LogPluginManager: Mounting plugin CodeLiteSourceCodeAccess
LogPluginManager: Mounting plugin GitSourceControl
LogPluginManager: Mounting plugin KDevelopSourceCodeAccess
LogPluginManager: Mounting plugin NullSourceCodeAccess
LogPluginManager: Mounting plugin PerforceSourceControl
LogPluginManager: Mounting plugin PlasticSourceControl
LogPluginManager: Mounting plugin SubversionSourceControl
LogPluginManager: Mounting plugin UObjectPlugin
LogPluginManager: Mounting plugin VisualStudioCodeSourceCodeAccess
LogPluginManager: Mounting plugin VisualStudioSourceCodeAccess
LogPluginManager: Mounting plugin XCodeSourceCodeAccess
LogPluginManager: Mounting plugin AssetManagerEditor
LogPluginManager: Mounting plugin CryptoKeys
LogPluginManager: Mounting plugin CurveEditorTools
LogPluginManager: Mounting plugin DataValidation
LogPluginManager: Mounting plugin FacialAnimation
LogPluginManager: Mounting plugin GameplayTagsEditor
LogPluginManager: Mounting plugin MacGraphicsSwitching
LogPluginManager: Mounting plugin MaterialAnalyzer
LogPluginManager: Mounting plugin MobileLauncherProfileWizard
LogPluginManager: Mounting plugin PluginBrowser
LogPluginManager: Mounting plugin SpeedTreeImporter
LogPluginManager: Mounting plugin DatasmithContent
LogPluginManager: Mounting plugin VariantManagerContent
LogPluginManager: Mounting plugin AlembicImporter
LogPluginManager: Mounting plugin AutomationUtils
LogPluginManager: Mounting plugin BackChannel
LogPluginManager: Mounting plugin CharacterAI
LogPluginManager: Mounting plugin GeometryCache
LogPluginManager: Mounting plugin PlatformCrypto
LogPluginManager: Mounting plugin ProxyLODPlugin
LogPluginManager: Mounting plugin SkeletalReduction
LogPluginManager: Mounting plugin MagicLeap
LogPluginManager: Mounting plugin MagicLeapMedia
LogPluginManager: Mounting plugin MLSDK
LogPluginManager: Mounting plugin AndroidMedia
LogPluginManager: Mounting plugin AvfMedia
LogPluginManager: Mounting plugin ImgMedia
LogPluginManager: Mounting plugin MediaCompositing
LogPluginManager: Mounting plugin MediaPlayerEditor
LogPluginManager: Mounting plugin WebMMedia
LogPluginManager: Mounting plugin WmfMedia
LogPluginManager: Mounting plugin TcpMessaging
LogPluginManager: Mounting plugin UdpMessaging
LogPluginManager: Mounting plugin ActorSequence
LogPluginManager: Mounting plugin LevelSequenceEditor
LogPluginManager: Mounting plugin MatineeToLevelSequence
LogPluginManager: Mounting plugin NetcodeUnitTest
LogPluginManager: Mounting plugin NUTUnrealEngine4
LogPluginManager: Mounting plugin OnlineSubsystemGooglePlay
LogPluginManager: Mounting plugin OnlineSubsystemIOS
LogPluginManager: Mounting plugin OnlineSubsystem
LogPluginManager: Mounting plugin OnlineSubsystemNull
LogPluginManager: Mounting plugin OnlineSubsystemUtils
LogPluginManager: Mounting plugin LauncherChunkInstaller
LogPluginManager: Mounting plugin AndroidDeviceProfileSelector
LogPluginManager: Mounting plugin AndroidMoviePlayer
LogPluginManager: Mounting plugin AndroidPermission
LogPluginManager: Mounting plugin AppleImageUtils
LogPluginManager: Mounting plugin AppleMoviePlayer
LogPluginManager: Mounting plugin ArchVisCharacter
LogPluginManager: Mounting plugin AssetTags
LogPluginManager: Mounting plugin AudioCapture
LogPluginManager: Mounting plugin CableComponent
LogPluginManager: Mounting plugin CustomMeshComponent
LogPluginManager: Mounting plugin EditableMesh
LogPluginManager: Mounting plugin ExampleDeviceProfileSelector
LogPluginManager: Mounting plugin GoogleCloudMessaging
LogPluginManager: Mounting plugin IOSDeviceProfileSelector
LogPluginManager: Mounting plugin LinuxDeviceProfileSelector
LogPluginManager: Mounting plugin LocationServicesBPLibrary
LogPluginManager: Mounting plugin MobilePatchingUtils
LogPluginManager: Mounting plugin OculusVR
LogPluginManager: Mounting plugin PhysXVehicles
LogPluginManager: Mounting plugin PostSplashScreen
LogPluginManager: Mounting plugin ProceduralMeshComponent
LogPluginManager: Mounting plugin RuntimePhysXCooking
LogPluginManager: Mounting plugin SignificanceManager
LogPluginManager: Mounting plugin SteamVR
LogPluginManager: Mounting plugin WebMMoviePlayer
LogPluginManager: Mounting plugin WindowsMoviePlayer
LogPluginManager: Mounting plugin ScreenshotTools
LogInit: Using libcurl 7.55.1-DEV
LogInit:  - built for x86_64-pc-win32
LogInit:  - supports SSL with OpenSSL/1.1.1
LogInit:  - supports HTTP deflate (compression) using libz 1.2.8
LogInit:  - other features:
LogInit:      CURL_VERSION_SSL
LogInit:      CURL_VERSION_LIBZ
LogInit:      CURL_VERSION_IPV6
LogInit:      CURL_VERSION_ASYNCHDNS
LogInit:      CURL_VERSION_LARGEFILE
LogInit:      CURL_VERSION_IDN
LogInit:  CurlRequestOptions (configurable via config and command line):
LogInit:  - bVerifyPeer = true  - Libcurl will verify peer certificate
LogInit:  - bUseHttpProxy = false  - Libcurl will NOT use HTTP proxy
LogInit:  - bDontReuseConnections = false  - Libcurl will reuse connections
LogInit:  - MaxHostConnections = 16  - Libcurl will limit the number of connections to a host
LogInit:  - LocalHostAddr = Default
LogInit:  - BufferSize = 65536
LogOnline: OSS: Creating online subsystem instance for: NULL
LogInit: WinSock: version 1.1 (2.2), MaxSocks=32767, MaxUdp=65467
LogOnline: OSS: TryLoadSubsystemAndSetDefault: Loaded subsystem for module [NULL]
LogInit: Build: ++UE4+Release-4.24-CL-11590370
LogInit: Engine Version: 4.24.3-11590370+++UE4+Release-4.24
LogInit: Compatible Engine Version: 4.24.0-10570792+++UE4+Release-4.24
LogInit: Net CL: 10570792
LogInit: OS: Windows 10 (Release 1903) (), CPU: AMD A6-9225 RADEON R4, 5 COMPUTE CORES 2C+3G   , GPU: AMD Radeon(TM) R4 Graphics
LogInit: Compiled (64-bit): Feb 24 2020 15:39:18
LogInit: Compiled with Visual C++: 19.16.27032.01
LogInit: Build Configuration: Development
LogInit: Branch Name: ++UE4+Release-4.24
LogInit: Command Line: 
LogInit: Base Directory: C:/Epic Games/UE_4.24/Engine/Binaries/Win64/
LogInit: Installed Engine Build: 1
LogDevObjectVersion: Number of dev versions registered: 25
LogDevObjectVersion:   Dev-Blueprints (B0D832E4-1F89-4F0D-ACCF-7EB736FD4AA2): 10
LogDevObjectVersion:   Dev-Build (E1C64328-A22C-4D53-A36C-8E866417BD8C): 0
LogDevObjectVersion:   Dev-Core (375EC13C-06E4-48FB-B500-84F0262A717E): 3
LogDevObjectVersion:   Dev-Editor (E4B068ED-F494-42E9-A231-DA0B2E46BB41): 37
LogDevObjectVersion:   Dev-Framework (CFFC743F-43B0-4480-9391-14DF171D2073): 36
LogDevObjectVersion:   Dev-Mobile (B02B49B5-BB20-44E9-A304-32B752E40360): 2
LogDevObjectVersion:   Dev-Networking (A4E4105C-59A1-49B5-A7C5-40C4547EDFEE): 0
LogDevObjectVersion:   Dev-Online (39C831C9-5AE6-47DC-9A44-9C173E1C8E7C): 0
LogDevObjectVersion:   Dev-Physics (78F01B33-EBEA-4F98-B9B4-84EACCB95AA2): 2
LogDevObjectVersion:   Dev-Platform (6631380F-2D4D-43E0-8009-CF276956A95A): 0
LogDevObjectVersion:   Dev-Rendering (12F88B9F-8875-4AFC-A67C-D90C383ABD29): 36
LogDevObjectVersion:   Dev-Sequencer (7B5AE74C-D270-4C10-A958-57980B212A5A): 11
LogDevObjectVersion:   Dev-VR (D7296918-1DD6-4BDD-9DE2-64A83CC13884): 2
LogDevObjectVersion:   Dev-LoadTimes (C2A15278-BFE7-4AFE-6C17-90FF531DF755): 1
LogDevObjectVersion:   Private-Geometry (6EACA3D4-40EC-4CC1-B786-8BED09428FC5): 3
LogDevObjectVersion:   Dev-AnimPhys (29E575DD-E0A3-4627-9D10-D276232CDCEA): 17
LogDevObjectVersion:   Dev-Anim (AF43A65D-7FD3-4947-9873-3E8ED9C1BB05): 2
LogDevObjectVersion:   Dev-ReflectionCapture (6B266CEC-1EC7-4B8F-A30B-E4D90942FC07): 1
LogDevObjectVersion:   Dev-Automation (0DF73D61-A23F-47EA-B727-89E90C41499A): 1
LogDevObjectVersion:   FortniteMain (601D1886-AC64-4F84-AA16-D3DE0DEAC7D6): 31
LogDevObjectVersion:   Dev-Enterprise (9DFFBCD6-494F-0158-E221-12823C92A888): 8
LogDevObjectVersion:   Dev-Niagara (F2AED0AC-9AFE-416F-8664-AA7FFA26D6FC): 1
LogDevObjectVersion:   Dev-Destruction (174F1F0B-B4C6-45A5-B13F-2EE8D0FB917D): 9
LogDevObjectVersion:   Dev-Physics-Ext (35F94A83-E258-406C-A318-09F59610247C): 8
LogDevObjectVersion:   Dev-CineCamera (B2E18506-4273-CFC2-A54E-F4BB758BBA07): 1
LogInit: Presizing for max 25165824 objects, including 0 objects not considered by GC, pre-allocating 0 bytes for permanent pool.
LogInit: Object subsystem initialized
LogConfig: Setting CVar [[con.DebugEarlyDefault:1]]
LogConfig: Setting CVar [[r.setres:1280x720]]
[2020.05.17-11.31.07:642][  0]LogConfig: Setting CVar [[r.VSync:0]]
[2020.05.17-11.31.07:643][  0]LogConfig: Setting CVar [[r.RHICmdBypass:0]]
[2020.05.17-11.31.07:645][  0]LogConfig: Applying CVar settings from Section [/Script/Engine.RendererSettings] File [C:/Users/Kalin/Documents/GitHub/The-Kidnapping-Factory/Saved/Config/Windows/Engine.ini]
[2020.05.17-11.31.07:645][  0]LogConfig: Setting CVar [[r.GPUCrashDebugging:0]]
[2020.05.17-11.31.07:645][  0]LogConfig: Applying CVar settings from Section [/Script/Engine.RendererOverrideSettings] File [C:/Users/Kalin/Documents/GitHub/The-Kidnapping-Factory/Saved/Config/Windows/Engine.ini]
[2020.05.17-11.31.07:646][  0]LogConfig: Applying CVar settings from Section [/Script/Engine.StreamingSettings] File [C:/Users/Kalin/Documents/GitHub/The-Kidnapping-Factory/Saved/Config/Windows/Engine.ini]
[2020.05.17-11.31.07:646][  0]LogConfig: Setting CVar [[s.MinBulkDataSizeForAsyncLoading:131072]]
[2020.05.17-11.31.07:646][  0]LogConfig: Setting CVar [[s.AsyncLoadingThreadEnabled:0]]
[2020.05.17-11.31.07:646][  0]LogConfig: Setting CVar [[s.EventDrivenLoaderEnabled:1]]
[2020.05.17-11.31.07:646][  0]LogConfig: Setting CVar [[s.WarnIfTimeLimitExceeded:0]]
[2020.05.17-11.31.07:646][  0]LogConfig: Setting CVar [[s.TimeLimitExceededMultiplier:1.5]]
[2020.05.17-11.31.07:646][  0]LogConfig: Setting CVar [[s.TimeLimitExceededMinTime:0.005]]
[2020.05.17-11.31.07:646][  0]LogConfig: Setting CVar [[s.UseBackgroundLevelStreaming:1]]
[2020.05.17-11.31.07:646][  0]LogConfig: Setting CVar [[s.PriorityAsyncLoadingExtraTime:15.0]]
[2020.05.17-11.31.07:646][  0]LogConfig: Setting CVar [[s.LevelStreamingActorsUpdateTimeLimit:5.0]]
[2020.05.17-11.31.07:646][  0]LogConfig: Setting CVar [[s.PriorityLevelStreamingActorsUpdateExtraTime:5.0]]
[2020.05.17-11.31.07:646][  0]LogConfig: Setting CVar [[s.LevelStreamingComponentsRegistrationGranularity:10]]
[2020.05.17-11.31.07:646][  0]LogConfig: Setting CVar [[s.UnregisterComponentsTimeLimit:1.0]]
[2020.05.17-11.31.07:646][  0]LogConfig: Setting CVar [[s.LevelStreamingComponentsUnregistrationGranularity:5]]
[2020.05.17-11.31.07:646][  0]LogConfig: Setting CVar [[s.FlushStreamingOnExit:1]]
[2020.05.17-11.31.07:646][  0]LogConfig: Applying CVar settings from Section [/Script/Engine.GarbageCollectionSettings] File [C:/Users/Kalin/Documents/GitHub/The-Kidnapping-Factory/Saved/Config/Windows/Engine.ini]
[2020.05.17-11.31.07:646][  0]LogConfig: Setting CVar [[gc.MaxObjectsNotConsideredByGC:1]]
[2020.05.17-11.31.07:646][  0]LogConfig: Setting CVar [[gc.SizeOfPermanentObjectPool:0]]
[2020.05.17-11.31.07:646][  0]LogConfig: Setting CVar [[gc.FlushStreamingOnGC:0]]
[2020.05.17-11.31.07:646][  0]LogConfig: Setting CVar [[gc.NumRetriesBeforeForcingGC:10]]
[2020.05.17-11.31.07:646][  0]LogConfig: Setting CVar [[gc.AllowParallelGC:1]]
[2020.05.17-11.31.07:646][  0]LogConfig: Setting CVar [[gc.TimeBetweenPurgingPendingKillObjects:61.1]]
[2020.05.17-11.31.07:646][  0]LogConfig: Setting CVar [[gc.MaxObjectsInEditor:25165824]]
[2020.05.17-11.31.07:646][  0]LogConfig: Setting CVar [[gc.IncrementalBeginDestroyEnabled:1]]
[2020.05.17-11.31.07:646][  0]LogConfig: Setting CVar [[gc.CreateGCClusters:1]]
[2020.05.17-11.31.07:646][  0]LogConfig: Setting CVar [[gc.MinGCClusterSize:5]]
[2020.05.17-11.31.07:646][  0]LogConfig: Setting CVar [[gc.ActorClusteringEnabled:0]]
[2020.05.17-11.31.07:646][  0]LogConfig: Setting CVar [[gc.BlueprintClusteringEnabled:0]]
[2020.05.17-11.31.07:646][  0]LogConfig: Setting CVar [[gc.UseDisregardForGCOnDedicatedServers:0]]
[2020.05.17-11.31.07:646][  0]LogConfig: Applying CVar settings from Section [/Script/Engine.NetworkSettings] File [C:/Users/Kalin/Documents/GitHub/The-Kidnapping-Factory/Saved/Config/Windows/Engine.ini]
[2020.05.17-11.31.07:647][  0]LogConfig: Applying CVar settings from Section [/Script/UnrealEd.CookerSettings] File [C:/Users/Kalin/Documents/GitHub/The-Kidnapping-Factory/Saved/Config/Windows/Engine.ini]
[2020.05.17-11.31.07:674][  0]LogConfig: Applying CVar settings from Section [ViewDistanceQuality@3] File [C:/Users/Kalin/Documents/GitHub/The-Kidnapping-Factory/Saved/Config/Windows/Scalability.ini]
[2020.05.17-11.31.07:674][  0]LogConfig: Setting CVar [[r.SkeletalMeshLODBias:0]]
[2020.05.17-11.31.07:674][  0]LogConfig: Setting CVar [[r.ViewDistanceScale:1.0]]
[2020.05.17-11.31.07:674][  0]LogConfig: Applying CVar settings from Section [AntiAliasingQuality@3] File [C:/Users/Kalin/Documents/GitHub/The-Kidnapping-Factory/Saved/Config/Windows/Scalability.ini]
[2020.05.17-11.31.07:674][  0]LogConfig: Setting CVar [[r.PostProcessAAQuality:4]]
[2020.05.17-11.31.07:674][  0]LogConfig: Applying CVar settings from Section [ShadowQuality@3] File [C:/Users/Kalin/Documents/GitHub/The-Kidnapping-Factory/Saved/Config/Windows/Scalability.ini]
[2020.05.17-11.31.07:674][  0]LogConfig: Setting CVar [[r.LightFunctionQuality:1]]
[2020.05.17-11.31.07:674][  0]LogConfig: Setting CVar [[r.ShadowQuality:5]]
[2020.05.17-11.31.07:674][  0]LogConfig: Setting CVar [[r.Shadow.CSM.MaxCascades:10]]
[2020.05.17-11.31.07:674][  0]LogConfig: Setting CVar [[r.Shadow.MaxResolution:2048]]
[2020.05.17-11.31.07:674][  0]LogConfig: Setting CVar [[r.Shadow.MaxCSMResolution:2048]]
[2020.05.17-11.31.07:674][  0]LogConfig: Setting CVar [[r.Shadow.RadiusThreshold:0.01]]
[2020.05.17-11.31.07:674][  0]LogConfig: Setting CVar [[r.Shadow.DistanceScale:1.0]]
[2020.05.17-11.31.07:674][  0]LogConfig: Setting CVar [[r.Shadow.CSM.TransitionScale:1.0]]
[2020.05.17-11.31.07:674][  0]LogConfig: Setting CVar [[r.Shadow.PreShadowResolutionFactor:1.0]]
[2020.05.17-11.31.07:674][  0]LogConfig: Setting CVar [[r.DistanceFieldShadowing:1]]
[2020.05.17-11.31.07:674][  0]LogConfig: Setting CVar [[r.DistanceFieldAO:1]]
[2020.05.17-11.31.07:674][  0]LogConfig: Setting CVar [[r.AOQuality:2]]
[2020.05.17-11.31.07:674][  0]LogConfig: Setting CVar [[r.VolumetricFog:1]]
[2020.05.17-11.31.07:674][  0]LogConfig: Setting CVar [[r.VolumetricFog.GridPixelSize:8]]
[2020.05.17-11.31.07:674][  0]LogConfig: Setting CVar [[r.VolumetricFog.GridSizeZ:128]]
[2020.05.17-11.31.07:674][  0]LogConfig: Setting CVar [[r.VolumetricFog.HistoryMissSupersampleCount:4]]
[2020.05.17-11.31.07:675][  0]LogConfig: Setting CVar [[r.LightMaxDrawDistanceScale:1]]
[2020.05.17-11.31.07:675][  0]LogConfig: Setting CVar [[r.CapsuleShadows:1]]
[2020.05.17-11.31.07:675][  0]LogConfig: Applying CVar settings from Section [PostProcessQuality@3] File [C:/Users/Kalin/Documents/GitHub/The-Kidnapping-Factory/Saved/Config/Windows/Scalability.ini]
[2020.05.17-11.31.07:675][  0]LogConfig: Setting CVar [[r.MotionBlurQuality:4]]
[2020.05.17-11.31.07:675][  0]LogConfig: Setting CVar [[r.AmbientOcclusionMipLevelFactor:0.4]]
[2020.05.17-11.31.07:675][  0]LogConfig: Setting CVar [[r.AmbientOcclusionMaxQuality:100]]
[2020.05.17-11.31.07:675][  0]LogConfig: Setting CVar [[r.AmbientOcclusionLevels:-1]]
[2020.05.17-11.31.07:675][  0]LogConfig: Setting CVar [[r.AmbientOcclusionRadiusScale:1.0]]
[2020.05.17-11.31.07:675][  0]LogConfig: Setting CVar [[r.DepthOfFieldQuality:2]]
[2020.05.17-11.31.07:675][  0]LogConfig: Setting CVar [[r.RenderTargetPoolMin:400]]
[2020.05.17-11.31.07:675][  0]LogConfig: Setting CVar [[r.LensFlareQuality:2]]
[2020.05.17-11.31.07:675][  0]LogConfig: Setting CVar [[r.SceneColorFringeQuality:1]]
[2020.05.17-11.31.07:675][  0]LogConfig: Setting CVar [[r.EyeAdaptationQuality:2]]
[2020.05.17-11.31.07:675][  0]LogConfig: Setting CVar [[r.BloomQuality:5]]
[2020.05.17-11.31.07:675][  0]LogConfig: Setting CVar [[r.FastBlurThreshold:100]]
[2020.05.17-11.31.07:675][  0]LogConfig: Setting CVar [[r.Upscale.Quality:3]]
[2020.05.17-11.31.07:675][  0]LogConfig: Setting CVar [[r.Tonemapper.GrainQuantization:1]]
[2020.05.17-11.31.07:675][  0]LogConfig: Setting CVar [[r.LightShaftQuality:1]]
[2020.05.17-11.31.07:675][  0]LogConfig: Setting CVar [[r.Filter.SizeScale:1]]
[2020.05.17-11.31.07:675][  0]LogConfig: Setting CVar [[r.Tonemapper.Quality:5]]
[2020.05.17-11.31.07:675][  0]LogConfig: Setting CVar [[r.DOF.Gather.AccumulatorQuality:1        ; higher gathering accumulator quality]]
[2020.05.17-11.31.07:675][  0]LogConfig: Setting CVar [[r.DOF.Gather.PostfilterMethod:1          ; Median3x3 postfilering method]]
[2020.05.17-11.31.07:675][  0]LogConfig: Setting CVar [[r.DOF.Gather.EnableBokehSettings:0       ; no bokeh simulation when gathering]]
[2020.05.17-11.31.07:675][  0]LogConfig: Setting CVar [[r.DOF.Gather.RingCount:4                 ; medium number of samples when gathering]]
[2020.05.17-11.31.07:675][  0]LogConfig: Setting CVar [[r.DOF.Scatter.ForegroundCompositing:1    ; additive foreground scattering]]
[2020.05.17-11.31.07:675][  0]LogConfig: Setting CVar [[r.DOF.Scatter.BackgroundCompositing:2    ; additive background scattering]]
[2020.05.17-11.31.07:675][  0]LogConfig: Setting CVar [[r.DOF.Scatter.EnableBokehSettings:1      ; bokeh simulation when scattering]]
[2020.05.17-11.31.07:676][  0]LogConfig: Setting CVar [[r.DOF.Scatter.MaxSpriteRatio:0.1         ; only a maximum of 10% of scattered bokeh]]
[2020.05.17-11.31.07:676][  0]LogConfig: Setting CVar [[r.DOF.Recombine.Quality:1                ; cheap slight out of focus]]
[2020.05.17-11.31.07:676][  0]LogConfig: Setting CVar [[r.DOF.Recombine.EnableBokehSettings:0    ; no bokeh simulation on slight out of focus]]
[2020.05.17-11.31.07:676][  0]LogConfig: Setting CVar [[r.DOF.TemporalAAQuality:1                ; more stable temporal accumulation]]
[2020.05.17-11.31.07:676][  0]LogConfig: Setting CVar [[r.DOF.Kernel.MaxForegroundRadius:0.025]]
[2020.05.17-11.31.07:676][  0]LogConfig: Setting CVar [[r.DOF.Kernel.MaxBackgroundRadius:0.025]]
[2020.05.17-11.31.07:676][  0]LogConfig: Applying CVar settings from Section [TextureQuality@3] File [C:/Users/Kalin/Documents/GitHub/The-Kidnapping-Factory/Saved/Config/Windows/Scalability.ini]
[2020.05.17-11.31.07:676][  0]LogConfig: Setting CVar [[r.Streaming.MipBias:0]]
[2020.05.17-11.31.07:676][  0]LogConfig: Setting CVar [[r.Streaming.AmortizeCPUToGPUCopy:0]]
[2020.05.17-11.31.07:676][  0]LogConfig: Setting CVar [[r.Streaming.MaxNumTexturesToStreamPerFrame:0]]
[2020.05.17-11.31.07:676][  0]LogConfig: Setting CVar [[r.Streaming.Boost:1]]
[2020.05.17-11.31.07:676][  0]LogConfig: Setting CVar [[r.MaxAnisotropy:8]]
[2020.05.17-11.31.07:676][  0]LogConfig: Setting CVar [[r.VT.MaxAnisotropy:8]]
[2020.05.17-11.31.07:676][  0]LogConfig: Setting CVar [[r.Streaming.LimitPoolSizeToVRAM:0]]
[2020.05.17-11.31.07:676][  0]LogConfig: Setting CVar [[r.Streaming.PoolSize:1000]]
[2020.05.17-11.31.07:676][  0]LogConfig: Setting CVar [[r.Streaming.MaxEffectiveScreenSize:0]]
[2020.05.17-11.31.07:676][  0]LogConfig: Applying CVar settings from Section [EffectsQuality@3] File [C:/Users/Kalin/Documents/GitHub/The-Kidnapping-Factory/Saved/Config/Windows/Scalability.ini]
[2020.05.17-11.31.07:676][  0]LogConfig: Setting CVar [[r.TranslucencyLightingVolumeDim:64]]
[2020.05.17-11.31.07:676][  0]LogConfig: Setting CVar [[r.RefractionQuality:2]]
[2020.05.17-11.31.07:676][  0]LogConfig: Setting CVar [[r.SSR.Quality:3]]
[2020.05.17-11.31.07:676][  0]LogConfig: Setting CVar [[r.SSR.HalfResSceneColor:0]]
[2020.05.17-11.31.07:676][  0]LogConfig: Setting CVar [[r.SceneColorFormat:4]]
[2020.05.17-11.31.07:676][  0]LogConfig: Setting CVar [[r.DetailMode:2]]
[2020.05.17-11.31.07:676][  0]LogConfig: Setting CVar [[r.TranslucencyVolumeBlur:1]]
[2020.05.17-11.31.07:676][  0]LogConfig: Setting CVar [[r.MaterialQualityLevel:1 ; High quality]]
[2020.05.17-11.31.07:676][  0]LogConfig: Setting CVar [[r.SSS.Scale:1]]
[2020.05.17-11.31.07:677][  0]LogConfig: Setting CVar [[r.SSS.SampleSet:2]]
[2020.05.17-11.31.07:677][  0]LogConfig: Setting CVar [[r.SSS.Quality:1]]
[2020.05.17-11.31.07:677][  0]LogConfig: Setting CVar [[r.SSS.HalfRes:1]]
[2020.05.17-11.31.07:677][  0]LogConfig: Setting CVar [[r.SSGI.Quality:3]]
[2020.05.17-11.31.07:677][  0]LogConfig: Setting CVar [[r.EmitterSpawnRateScale:1.0]]
[2020.05.17-11.31.07:677][  0]LogConfig: Setting CVar [[r.ParticleLightQuality:2]]
[2020.05.17-11.31.07:677][  0]LogConfig: Setting CVar [[r.SkyAtmosphere.AerialPerspectiveLUT.FastApplyOnOpaque:1 ; Always have FastSkyLUT 1 in this case to avoid wrong sky]]
[2020.05.17-11.31.07:677][  0]LogConfig: Setting CVar [[r.SkyAtmosphere.AerialPerspectiveLUT.SampleCountPerSlice:1]]
[2020.05.17-11.31.07:677][  0]LogConfig: Setting CVar [[r.SkyAtmosphere.AerialPerspectiveLUT.DepthResolution:16.0]]
[2020.05.17-11.31.07:677][  0]LogConfig: Setting CVar [[r.SkyAtmosphere.FastSkyLUT:1]]
[2020.05.17-11.31.07:677][  0]LogConfig: Setting CVar [[r.SkyAtmosphere.FastSkyLUT.SampleCountMin:4.0]]
[2020.05.17-11.31.07:677][  0]LogConfig: Setting CVar [[r.SkyAtmosphere.FastSkyLUT.SampleCountMax:32.0]]
[2020.05.17-11.31.07:677][  0]LogConfig: Setting CVar [[r.SkyAtmosphere.SampleCountMin:4.0]]
[2020.05.17-11.31.07:677][  0]LogConfig: Setting CVar [[r.SkyAtmosphere.SampleCountMax:32.0]]
[2020.05.17-11.31.07:677][  0]LogConfig: Setting CVar [[r.SkyAtmosphere.TransmittanceLUT.UseSmallFormat:0]]
[2020.05.17-11.31.07:677][  0]LogConfig: Setting CVar [[r.SkyAtmosphere.TransmittanceLUT.SampleCount:10.0]]
[2020.05.17-11.31.07:677][  0]LogConfig: Setting CVar [[r.SkyAtmosphere.MultiScatteringLUT.SampleCount:15.0]]
[2020.05.17-11.31.07:677][  0]LogConfig: Applying CVar settings from Section [FoliageQuality@3] File [C:/Users/Kalin/Documents/GitHub/The-Kidnapping-Factory/Saved/Config/Windows/Scalability.ini]
[2020.05.17-11.31.07:677][  0]LogConfig: Setting CVar [[foliage.DensityScale:1.0]]
[2020.05.17-11.31.07:677][  0]LogConfig: Setting CVar [[grass.DensityScale:1.0]]
[2020.05.17-11.31.07:677][  0]LogConfig: Applying CVar settings from Section [ShadingQuality@3] File [C:/Users/Kalin/Documents/GitHub/The-Kidnapping-Factory/Saved/Config/Windows/Scalability.ini]
[2020.05.17-11.31.07:677][  0]LogConfig: Setting CVar [[r.HairStrands.SkyLighting.SampleCount:16]]
[2020.05.17-11.31.07:677][  0]LogConfig: Setting CVar [[r.HairStrands.SkyLighting.JitterIntegration:0]]
[2020.05.17-11.31.07:677][  0]LogConfig: Setting CVar [[r.HairStrands.SkyAO.SampleCount:16]]
[2020.05.17-11.31.07:680][  0]LogInit: Selected Device Profile: [Windows]
[2020.05.17-11.31.07:680][  0]LogInit: Applying CVar settings loaded from the selected device profile: [Windows]
[2020.05.17-11.31.07:698][  0]LogHAL: Display: Platform has ~ 4 GB [4175093760 / 4294967296 / 4], which maps to Smallest [LargestMinGB=32, LargerMinGB=12, DefaultMinGB=8, SmallerMinGB=6, SmallestMinGB=0)
[2020.05.17-11.31.07:698][  0]LogInit: Going up to parent DeviceProfile []
[2020.05.17-11.31.07:698][  0]LogConfig: Applying CVar settings from Section [ViewDistanceQuality@0] File [C:/Users/Kalin/Documents/GitHub/The-Kidnapping-Factory/Saved/Config/Windows/Scalability.ini]
[2020.05.17-11.31.07:698][  0]LogConfig: Setting CVar [[r.SkeletalMeshLODBias:2]]
[2020.05.17-11.31.07:698][  0]LogConfig: Setting CVar [[r.ViewDistanceScale:0.4]]
[2020.05.17-11.31.07:698][  0]LogConfig: Applying CVar settings from Section [AntiAliasingQuality@0] File [C:/Users/Kalin/Documents/GitHub/The-Kidnapping-Factory/Saved/Config/Windows/Scalability.ini]
[2020.05.17-11.31.07:698][  0]LogConfig: Setting CVar [[r.PostProcessAAQuality:0]]
[2020.05.17-11.31.07:698][  0]LogConfig: Applying CVar settings from Section [ShadowQuality@0] File [C:/Users/Kalin/Documents/GitHub/The-Kidnapping-Factory/Saved/Config/Windows/Scalability.ini]
[2020.05.17-11.31.07:698][  0]LogConfig: Setting CVar [[r.LightFunctionQuality:0]]
[2020.05.17-11.31.07:698][  0]LogConfig: Setting CVar [[r.ShadowQuality:0]]
[2020.05.17-11.31.07:698][  0]LogConfig: Setting CVar [[r.Shadow.CSM.MaxCascades:1]]
[2020.05.17-11.31.07:698][  0]LogConfig: Setting CVar [[r.Shadow.MaxResolution:512]]
[2020.05.17-11.31.07:698][  0]LogConfig: Setting CVar [[r.Shadow.MaxCSMResolution:512]]
[2020.05.17-11.31.07:698][  0]LogConfig: Setting CVar [[r.Shadow.RadiusThreshold:0.06]]
[2020.05.17-11.31.07:698][  0]LogConfig: Setting CVar [[r.Shadow.DistanceScale:0.6]]
[2020.05.17-11.31.07:698][  0]LogConfig: Setting CVar [[r.Shadow.CSM.TransitionScale:0]]
[2020.05.17-11.31.07:698][  0]LogConfig: Setting CVar [[r.Shadow.PreShadowResolutionFactor:0.5]]
[2020.05.17-11.31.07:698][  0]LogConfig: Setting CVar [[r.DistanceFieldShadowing:0]]
[2020.05.17-11.31.07:698][  0]LogConfig: Setting CVar [[r.DistanceFieldAO:0]]
[2020.05.17-11.31.07:698][  0]LogConfig: Setting CVar [[r.VolumetricFog:0]]
[2020.05.17-11.31.07:698][  0]LogConfig: Setting CVar [[r.LightMaxDrawDistanceScale:0]]
[2020.05.17-11.31.07:699][  0]LogConfig: Setting CVar [[r.CapsuleShadows:0]]
[2020.05.17-11.31.07:699][  0]LogConfig: Applying CVar settings from Section [PostProcessQuality@0] File [C:/Users/Kalin/Documents/GitHub/The-Kidnapping-Factory/Saved/Config/Windows/Scalability.ini]
[2020.05.17-11.31.07:699][  0]LogConfig: Setting CVar [[r.MotionBlurQuality:0]]
[2020.05.17-11.31.07:699][  0]LogConfig: Setting CVar [[r.AmbientOcclusionMipLevelFactor:1.0]]
[2020.05.17-11.31.07:699][  0]LogConfig: Setting CVar [[r.AmbientOcclusionMaxQuality:0]]
[2020.05.17-11.31.07:699][  0]LogConfig: Setting CVar [[r.AmbientOcclusionLevels:0]]
[2020.05.17-11.31.07:699][  0]LogConfig: Setting CVar [[r.AmbientOcclusionRadiusScale:1.2]]
[2020.05.17-11.31.07:699][  0]LogConfig: Setting CVar [[r.DepthOfFieldQuality:0]]
[2020.05.17-11.31.07:699][  0]LogConfig: Setting CVar [[r.RenderTargetPoolMin:300]]
[2020.05.17-11.31.07:699][  0]LogConfig: Setting CVar [[r.LensFlareQuality:0]]
[2020.05.17-11.31.07:699][  0]LogConfig: Setting CVar [[r.SceneColorFringeQuality:0]]
[2020.05.17-11.31.07:699][  0]LogConfig: Setting CVar [[r.EyeAdaptationQuality:0]]
[2020.05.17-11.31.07:699][  0]LogConfig: Setting CVar [[r.BloomQuality:4]]
[2020.05.17-11.31.07:699][  0]LogConfig: Setting CVar [[r.FastBlurThreshold:0]]
[2020.05.17-11.31.07:699][  0]LogConfig: Setting CVar [[r.Upscale.Quality:1]]
[2020.05.17-11.31.07:699][  0]LogConfig: Setting CVar [[r.Tonemapper.GrainQuantization:0]]
[2020.05.17-11.31.07:699][  0]LogConfig: Setting CVar [[r.LightShaftQuality:0]]
[2020.05.17-11.31.07:699][  0]LogConfig: Setting CVar [[r.Filter.SizeScale:0.6]]
[2020.05.17-11.31.07:699][  0]LogConfig: Setting CVar [[r.Tonemapper.Quality:0]]
[2020.05.17-11.31.07:699][  0]LogConfig: Applying CVar settings from Section [TextureQuality@0] File [C:/Users/Kalin/Documents/GitHub/The-Kidnapping-Factory/Saved/Config/Windows/Scalability.ini]
[2020.05.17-11.31.07:699][  0]LogConfig: Setting CVar [[r.Streaming.MipBias:16]]
[2020.05.17-11.31.07:699][  0]LogConfig: Setting CVar [[r.Streaming.AmortizeCPUToGPUCopy:1]]
[2020.05.17-11.31.07:699][  0]LogConfig: Setting CVar [[r.Streaming.MaxNumTexturesToStreamPerFrame:1]]
[2020.05.17-11.31.07:699][  0]LogConfig: Setting CVar [[r.Streaming.Boost:0.3]]
[2020.05.17-11.31.07:699][  0]LogConfig: Setting CVar [[r.MaxAnisotropy:0]]
[2020.05.17-11.31.07:699][  0]LogConfig: Setting CVar [[r.VT.MaxAnisotropy:4]]
[2020.05.17-11.31.07:700][  0]LogConfig: Setting CVar [[r.Streaming.LimitPoolSizeToVRAM:1]]
[2020.05.17-11.31.07:700][  0]LogConfig: Setting CVar [[r.Streaming.PoolSize:400]]
[2020.05.17-11.31.07:700][  0]LogConfig: Setting CVar [[r.Streaming.MaxEffectiveScreenSize:0]]
[2020.05.17-11.31.07:700][  0]LogConfig: Applying CVar settings from Section [EffectsQuality@3] File [C:/Users/Kalin/Documents/GitHub/The-Kidnapping-Factory/Saved/Config/Windows/Scalability.ini]
[2020.05.17-11.31.07:700][  0]LogConfig: Setting CVar [[r.TranslucencyLightingVolumeDim:64]]
[2020.05.17-11.31.07:700][  0]LogConfig: Setting CVar [[r.RefractionQuality:2]]
[2020.05.17-11.31.07:700][  0]LogConfig: Setting CVar [[r.SSR.Quality:3]]
[2020.05.17-11.31.07:700][  0]LogConfig: Setting CVar [[r.SSR.HalfResSceneColor:0]]
[2020.05.17-11.31.07:700][  0]LogConfig: Setting CVar [[r.SceneColorFormat:4]]
[2020.05.17-11.31.07:700][  0]LogConfig: Setting CVar [[r.DetailMode:2]]
[2020.05.17-11.31.07:700][  0]LogConfig: Setting CVar [[r.TranslucencyVolumeBlur:1]]
[2020.05.17-11.31.07:700][  0]LogConfig: Setting CVar [[r.MaterialQualityLevel:1 ; High quality]]
[2020.05.17-11.31.07:700][  0]LogConfig: Setting CVar [[r.SSS.Scale:1]]
[2020.05.17-11.31.07:700][  0]LogConfig: Setting CVar [[r.SSS.SampleSet:2]]
[2020.05.17-11.31.07:700][  0]LogConfig: Setting CVar [[r.SSS.Quality:1]]
[2020.05.17-11.31.07:700][  0]LogConfig: Setting CVar [[r.SSS.HalfRes:1]]
[2020.05.17-11.31.07:700][  0]LogConfig: Setting CVar [[r.SSGI.Quality:3]]
[2020.05.17-11.31.07:700][  0]LogConfig: Setting CVar [[r.EmitterSpawnRateScale:1.0]]
[2020.05.17-11.31.07:700][  0]LogConfig: Setting CVar [[r.ParticleLightQuality:2]]
[2020.05.17-11.31.07:700][  0]LogConfig: Setting CVar [[r.SkyAtmosphere.AerialPerspectiveLUT.FastApplyOnOpaque:1 ; Always have FastSkyLUT 1 in this case to avoid wrong sky]]
[2020.05.17-11.31.07:700][  0]LogConfig: Setting CVar [[r.SkyAtmosphere.AerialPerspectiveLUT.SampleCountPerSlice:1]]
[2020.05.17-11.31.07:700][  0]LogConfig: Setting CVar [[r.SkyAtmosphere.AerialPerspectiveLUT.DepthResolution:16.0]]
[2020.05.17-11.31.07:700][  0]LogConfig: Setting CVar [[r.SkyAtmosphere.FastSkyLUT:1]]
[2020.05.17-11.31.07:700][  0]LogConfig: Setting CVar [[r.SkyAtmosphere.FastSkyLUT.SampleCountMin:4.0]]
[2020.05.17-11.31.07:700][  0]LogConfig: Setting CVar [[r.SkyAtmosphere.FastSkyLUT.SampleCountMax:32.0]]
[2020.05.17-11.31.07:700][  0]LogConfig: Setting CVar [[r.SkyAtmosphere.SampleCountMin:4.0]]
[2020.05.17-11.31.07:700][  0]LogConfig: Setting CVar [[r.SkyAtmosphere.SampleCountMax:32.0]]
[2020.05.17-11.31.07:700][  0]LogConfig: Setting CVar [[r.SkyAtmosphere.TransmittanceLUT.UseSmallFormat:0]]
[2020.05.17-11.31.07:700][  0]LogConfig: Setting CVar [[r.SkyAtmosphere.TransmittanceLUT.SampleCount:10.0]]
[2020.05.17-11.31.07:701][  0]LogConfig: Setting CVar [[r.SkyAtmosphere.MultiScatteringLUT.SampleCount:15.0]]
[2020.05.17-11.31.07:701][  0]LogConfig: Applying CVar settings from Section [FoliageQuality@0] File [C:/Users/Kalin/Documents/GitHub/The-Kidnapping-Factory/Saved/Config/Windows/Scalability.ini]
[2020.05.17-11.31.07:701][  0]LogConfig: Setting CVar [[foliage.DensityScale:0]]
[2020.05.17-11.31.07:701][  0]LogConfig: Setting CVar [[grass.DensityScale:0]]
[2020.05.17-11.31.07:701][  0]LogConfig: Applying CVar settings from Section [ShadingQuality@3] File [C:/Users/Kalin/Documents/GitHub/The-Kidnapping-Factory/Saved/Config/Windows/Scalability.ini]
[2020.05.17-11.31.07:701][  0]LogConfig: Setting CVar [[r.HairStrands.SkyLighting.SampleCount:16]]
[2020.05.17-11.31.07:701][  0]LogConfig: Setting CVar [[r.HairStrands.SkyLighting.JitterIntegration:0]]
[2020.05.17-11.31.07:701][  0]LogConfig: Setting CVar [[r.HairStrands.SkyAO.SampleCount:16]]
[2020.05.17-11.31.07:701][  0]LogConfig: Applying CVar settings from Section [Startup] File [../../../Engine/Config/ConsoleVariables.ini]
[2020.05.17-11.31.07:703][  0]LogConfig: Setting CVar [[net.UseAdaptiveNetUpdateFrequency:0]]
[2020.05.17-11.31.07:703][  0]LogConfig: Setting CVar [[p.chaos.AllowCreatePhysxBodies:1]]
[2020.05.17-11.31.07:703][  0]LogConfig: Applying CVar settings from Section [ConsoleVariables] File [C:/Users/Kalin/Documents/GitHub/The-Kidnapping-Factory/Saved/Config/Windows/Engine.ini]
[2020.05.17-11.31.07:714][  0]LogInit: Computer: LAPTOP-70F41ERQ
[2020.05.17-11.31.07:714][  0]LogInit: User: Kalin
[2020.05.17-11.31.07:714][  0]LogInit: CPU Page size=4096, Cores=2
[2020.05.17-11.31.07:714][  0]LogInit: High frequency timer resolution =10.000000 MHz
[2020.05.17-11.31.07:716][  0]LogMemory: Memory total: Physical=3.9GB (4GB approx)
[2020.05.17-11.31.07:717][  0]LogMemory: Platform Memory Stats for Windows
[2020.05.17-11.31.07:717][  0]LogMemory: Process Physical Memory: 104.21 MB used, 104.21 MB peak
[2020.05.17-11.31.07:718][  0]LogMemory: Process Virtual Memory: 99.53 MB used, 99.53 MB peak
[2020.05.17-11.31.07:718][  0]LogMemory: Physical Memory: 2725.49 MB used,  1256.19 MB free, 3981.68 MB total
[2020.05.17-11.31.07:718][  0]LogMemory: Virtual Memory: 5105.46 MB used,  134212624.00 MB free, 134217728.00 MB total
[2020.05.17-11.31.07:731][  0]LogWindows: WindowsPlatformFeatures enabled
[2020.05.17-11.31.08:396][  0]LogInit: Using OS detected language (en-GB).
[2020.05.17-11.31.08:396][  0]LogInit: Using OS detected locale (en-GB).
[2020.05.17-11.31.08:407][  0]LogTextLocalizationManager: No specific localization for 'en-GB' exists, so the 'en' localization will be used.
[2020.05.17-11.31.09:399][  0]LogInit: Setting process to per monitor DPI aware
[2020.05.17-11.31.09:720][  0]LogSlate: New Slate User Created.  User Index 0, Is Virtual User: 0
[2020.05.17-11.31.09:720][  0]LogSlate: Slate User Registered.  User Index 0, Is Virtual User: 0
[2020.05.17-11.31.11:099][  0]LogHMD: Failed to initialize OpenVR with code 110
[2020.05.17-11.31.11:099][  0]LogD3D11RHI: D3D11 min allowed feature level: 11_0
[2020.05.17-11.31.11:099][  0]LogD3D11RHI: D3D11 max allowed feature level: 11_0
[2020.05.17-11.31.11:099][  0]LogD3D11RHI: D3D11 adapters:
[2020.05.17-11.31.11:243][  0]LogD3D11RHI:    0. 'AMD Radeon(TM) R4 Graphics' (Feature Level 11_0)
[2020.05.17-11.31.11:243][  0]LogD3D11RHI:       64/0/1990 MB DedicatedVideo/DedicatedSystem/SharedSystem, Outputs:1, VendorId:0x1002
[2020.05.17-11.31.11:260][  0]LogD3D11RHI:    1. 'Microsoft Basic Render Driver' (Feature Level 11_0)
[2020.05.17-11.31.11:260][  0]LogD3D11RHI:       0/0/1990 MB DedicatedVideo/DedicatedSystem/SharedSystem, Outputs:0, VendorId:0x1414
[2020.05.17-11.31.11:260][  0]LogD3D11RHI: Chosen D3D11 Adapter: 0
[2020.05.17-11.31.11:288][  0]LogD3D11RHI: Creating new Direct3DDevice
[2020.05.17-11.31.11:290][  0]LogD3D11RHI:     GPU DeviceId: 0x98e4 (for the marketing name, search the web for "GPU Device Id")
[2020.05.17-11.31.11:290][  0]LogWindows: EnumDisplayDevices:
[2020.05.17-11.31.11:290][  0]LogWindows:    0. 'AMD Radeon(TM) R4 Graphics' (P:1 D:1)
[2020.05.17-11.31.11:291][  0]LogWindows:    1. 'AMD Radeon(TM) R4 Graphics' (P:0 D:0)
[2020.05.17-11.31.11:292][  0]LogWindows:    2. 'AMD Radeon(TM) R4 Graphics' (P:0 D:0)
[2020.05.17-11.31.11:293][  0]LogWindows:    3. 'AMD Radeon(TM) R4 Graphics' (P:0 D:0)
[2020.05.17-11.31.11:293][  0]LogWindows: DebugString: FoundDriverCount:4 
[2020.05.17-11.31.11:293][  0]LogD3D11RHI:     Adapter Name: AMD Radeon(TM) R4 Graphics
[2020.05.17-11.31.11:293][  0]LogD3D11RHI:   Driver Version: Adrenalin 19.10.08.01 (internal:26.20.11008.1007, unified:26.20.11008.1007)
[2020.05.17-11.31.11:293][  0]LogD3D11RHI:      Driver Date: 5-4-2019
[2020.05.17-11.31.11:294][  0]LogRHI: Texture pool is 696 MB (70% of 995 MB)
[2020.05.17-11.31.11:451][  0]LogD3D11RHI: RHI does not have support for 64 bit atomics
[2020.05.17-11.31.11:453][  0]LogD3D11RHI: Async texture creation enabled
[2020.05.17-11.31.11:559][  0]LogD3D11RHI: GPU Timing Frequency: 100.000000 (Debug: 2 1)
[2020.05.17-11.31.14:145][  0]LogTargetPlatformManager: Display: Loaded TargetPlatform 'AllDesktop'
[2020.05.17-11.31.14:346][  0]LogTargetPlatformManager: Display: Loaded TargetPlatform 'Android'
[2020.05.17-11.31.14:346][  0]LogTargetPlatformManager: Display: Loaded TargetPlatform 'Android_ASTC'
[2020.05.17-11.31.14:346][  0]LogTargetPlatformManager: Display: Loaded TargetPlatform 'Android_ATC'
[2020.05.17-11.31.14:346][  0]LogTargetPlatformManager: Display: Loaded TargetPlatform 'Android_DXT'
[2020.05.17-11.31.14:346][  0]LogTargetPlatformManager: Display: Loaded TargetPlatform 'Android_ETC1'
[2020.05.17-11.31.14:346][  0]LogTargetPlatformManager: Display: Loaded TargetPlatform 'Android_ETC1a'
[2020.05.17-11.31.14:346][  0]LogTargetPlatformManager: Display: Loaded TargetPlatform 'Android_ETC2'
[2020.05.17-11.31.14:346][  0]LogTargetPlatformManager: Display: Loaded TargetPlatform 'Android_PVRTC'
[2020.05.17-11.31.14:346][  0]LogTargetPlatformManager: Display: Loaded TargetPlatform 'AndroidClient'
[2020.05.17-11.31.14:346][  0]LogTargetPlatformManager: Display: Loaded TargetPlatform 'Android_ASTCClient'
[2020.05.17-11.31.14:346][  0]LogTargetPlatformManager: Display: Loaded TargetPlatform 'Android_ATCClient'
[2020.05.17-11.31.14:346][  0]LogTargetPlatformManager: Display: Loaded TargetPlatform 'Android_DXTClient'
[2020.05.17-11.31.14:346][  0]LogTargetPlatformManager: Display: Loaded TargetPlatform 'Android_ETC1Client'
[2020.05.17-11.31.14:346][  0]LogTargetPlatformManager: Display: Loaded TargetPlatform 'Android_ETC1aClient'
[2020.05.17-11.31.14:346][  0]LogTargetPlatformManager: Display: Loaded TargetPlatform 'Android_ETC2Client'
[2020.05.17-11.31.14:346][  0]LogTargetPlatformManager: Display: Loaded TargetPlatform 'Android_PVRTCClient'
[2020.05.17-11.31.14:347][  0]LogTargetPlatformManager: Display: Loaded TargetPlatform 'Android_Multi'
[2020.05.17-11.31.14:347][  0]LogTargetPlatformManager: Display: Loaded TargetPlatform 'Android_MultiClient'
[2020.05.17-11.31.14:450][  0]LogTargetPlatformManager: Display: Loaded TargetPlatform 'IOSClient'
[2020.05.17-11.31.14:450][  0]LogTargetPlatformManager: Display: Loaded TargetPlatform 'IOS'
[2020.05.17-11.31.14:485][  0]LogTargetPlatformManager: Display: Loaded TargetPlatform 'LinuxNoEditor'
[2020.05.17-11.31.14:518][  0]LogTargetPlatformManager: Display: Loaded TargetPlatform 'LinuxClient'
[2020.05.17-11.31.14:548][  0]LogTargetPlatformManager: Display: Loaded TargetPlatform 'LinuxServer'
[2020.05.17-11.31.14:579][  0]LogTargetPlatformManager: Display: Loaded TargetPlatform 'LinuxAArch64NoEditor'
[2020.05.17-11.31.14:610][  0]LogTargetPlatformManager: Display: Loaded TargetPlatform 'LinuxAArch64Client'
[2020.05.17-11.31.14:635][  0]LogTargetPlatformManager: Display: Loaded TargetPlatform 'LinuxAArch64Server'
[2020.05.17-11.31.14:709][  0]LogTargetPlatformManager: Display: Loaded TargetPlatform 'Lumin'
[2020.05.17-11.31.14:709][  0]LogTargetPlatformManager: Display: Loaded TargetPlatform 'LuminClient'
[2020.05.17-11.31.14:751][  0]LogTargetPlatformManager: Display: Loaded TargetPlatform 'TVOSClient'
[2020.05.17-11.31.14:751][  0]LogTargetPlatformManager: Display: Loaded TargetPlatform 'TVOS'
[2020.05.17-11.31.14:780][  0]LogTargetPlatformManager: Display: Loaded TargetPlatform 'WindowsNoEditor'
[2020.05.17-11.31.14:807][  0]LogTargetPlatformManager: Display: Loaded TargetPlatform 'Windows'
[2020.05.17-11.31.14:835][  0]LogTargetPlatformManager: Display: Loaded TargetPlatform 'WindowsClient'
[2020.05.17-11.31.14:885][  0]LogTargetPlatformManager: Display: Loaded TargetPlatform 'WindowsServer'
[2020.05.17-11.31.14:885][  0]LogTargetPlatformManager: Display: Building Assets For Windows
[2020.05.17-11.31.15:224][  0]LogAudioDebug: Display: Lib vorbis DLL was dynamically loaded.
[2020.05.17-11.31.16:736][  0]LogShaderCompilers: Guid format shader working directory is -21 characters bigger than the processId version (../../../../../Users/Kalin/Documents/GitHub/The-Kidnapping-Factory/Intermediate/Shaders/WorkingDirectory/16712/).
[2020.05.17-11.31.16:737][  0]LogShaderCompilers: Cleaned the shader compiler working directory 'C:/Users/Kalin/AppData/Local/Temp/UnrealShaderWorkingDir/3494C7F840BBE7D67AA3129E713A23D6/'.
[2020.05.17-11.31.16:748][  0]LogXGEController: Cleaning working directory: C:/Users/Kalin/AppData/Local/Temp/UnrealXGEWorkingDir/
[2020.05.17-11.31.16:750][  0]LogXGEController: Cannot use XGE Controller as Incredibuild is not installed on this machine.
[2020.05.17-11.31.16:751][  0]LogShaderCompilers: Cannot use XGE Shader Compiler as Incredibuild is not installed on this machine.
[2020.05.17-11.31.16:751][  0]LogShaderCompilers: Display: Using Local Shader Compiler.
[2020.05.17-11.31.21:526][  0]LogDerivedDataCache: Display: Max Cache Size: 512 MB
[2020.05.17-11.31.22:902][  0]LogDerivedDataCache: Loaded boot cache 1.32s 78MB C:/Users/Kalin/AppData/Local/UnrealEngine/4.24/DerivedDataCache/Boot.ddc.
[2020.05.17-11.31.22:902][  0]LogDerivedDataCache: Display: Loaded Boot cache: C:/Users/Kalin/AppData/Local/UnrealEngine/4.24/DerivedDataCache/Boot.ddc
[2020.05.17-11.31.22:903][  0]LogDerivedDataCache: FDerivedDataBackendGraph:  Pak pak cache file ../../../../../Users/Kalin/Documents/GitHub/The-Kidnapping-Factory/DerivedDataCache/DDC.ddp not found, will not use a pak cache.
[2020.05.17-11.31.22:903][  0]LogDerivedDataCache: Unable to find inner node Pak for hierarchical cache Hierarchy.
[2020.05.17-11.31.22:903][  0]LogDerivedDataCache: FDerivedDataBackendGraph:  CompressedPak pak cache file ../../../../../Users/Kalin/Documents/GitHub/The-Kidnapping-Factory/DerivedDataCache/Compressed.ddp not found, will not use a pak cache.
[2020.05.17-11.31.22:903][  0]LogDerivedDataCache: Unable to find inner node CompressedPak for hierarchical cache Hierarchy.
[2020.05.17-11.31.22:955][  0]LogDerivedDataCache: Display: Pak cache opened for reading ../../../Engine/DerivedDataCache/Compressed.ddp.
[2020.05.17-11.31.22:955][  0]LogDerivedDataCache: FDerivedDataBackendGraph:  EnterprisePak pak cache file ../../../Enterprise/DerivedDataCache/Compressed.ddp not found, will not use a pak cache.
[2020.05.17-11.31.22:955][  0]LogDerivedDataCache: Unable to find inner node EnterprisePak for hierarchical cache Hierarchy.
[2020.05.17-11.31.22:996][  0]LogDerivedDataCache: Using Local data cache path C:/Users/Kalin/AppData/Local/UnrealEngine/Common/DerivedDataCache: Writable
[2020.05.17-11.31.22:996][  0]LogDerivedDataCache: Shared data cache path not found in *engine.ini, will not use an Shared cache.
[2020.05.17-11.31.22:996][  0]LogDerivedDataCache: Unable to find inner node Shared for hierarchical cache Hierarchy.
[2020.05.17-11.31.23:099][  0]LogMaterial: Verifying Global Shaders for PCD3D_SM5
[2020.05.17-11.31.23:165][  0]LogSlate: Using FreeType 2.10.0
[2020.05.17-11.31.23:200][  0]LogSlate: SlateFontServices - WITH_FREETYPE: 1, WITH_HARFBUZZ: 1
[2020.05.17-11.31.23:882][  0]LogAssetRegistry: FAssetRegistry took 0.0337 seconds to start up
[2020.05.17-11.31.27:378][  0]LogInit: Selected Device Profile: [Windows]
[2020.05.17-11.31.28:908][  0]LogMeshReduction: Using QuadricMeshReduction for automatic static mesh reduction
[2020.05.17-11.31.28:908][  0]LogMeshReduction: Using SimplygonMeshReduction for automatic skeletal mesh reduction
[2020.05.17-11.31.28:908][  0]LogMeshReduction: Using ProxyLODMeshReduction for automatic mesh merging
[2020.05.17-11.31.28:908][  0]LogMeshReduction: No distributed automatic mesh merging module available
[2020.05.17-11.31.28:908][  0]LogMeshMerging: No distributed automatic mesh merging module available
[2020.05.17-11.31.29:171][  0]LogNetVersion: TheKidnappingFactory 1.0.0, NetCL: 10570792, EngineNetVer: 13, GameNetVer: 0 (Checksum: 170701935)
[2020.05.17-11.31.43:324][  0]LogPackageLocalizationCache: Processed 10 localized package path(s) for 1 prioritized culture(s) in 0.236608 seconds
[2020.05.17-11.31.43:348][  0]LogUObjectArray: 46750 objects as part of root set at end of initial load.
[2020.05.17-11.31.43:348][  0]LogUObjectAllocator: 8137160 out of 0 bytes used by permanent object pool.
[2020.05.17-11.31.43:348][  0]LogUObjectArray: CloseDisregardForGC: 0/0 objects in disregard for GC pool
[2020.05.17-11.31.50:320][  0]LogTcpMessaging: Initializing TcpMessaging bridge
[2020.05.17-11.31.50:369][  0]LogUdpMessaging: Initializing bridge on interface 0.0.0.0:0 to multicast group 230.0.0.1:6666.
[2020.05.17-11.31.51:050][  0]SourceControl: Source control is disabled
[2020.05.17-11.31.51:055][  0]SourceControl: Source control is disabled
[2020.05.17-11.31.51:096][  0]SourceControl: Source control is disabled
[2020.05.17-11.31.51:119][  0]SourceControl: Source control is disabled
[2020.05.17-11.31.51:141][  0]SourceControl: Source control is disabled
[2020.05.17-11.31.54:117][  0]LogAndroidPermission: UAndroidPermissionCallbackProxy::GetInstance
[2020.05.17-11.31.54:204][  0]LogAudioCaptureCore: Display: No Audio Capture implementations found. Audio input will be silent.
[2020.05.17-11.31.54:205][  0]LogAudioCaptureCore: Display: No Audio Capture implementations found. Audio input will be silent.
[2020.05.17-11.31.54:828][  0]LogOcInput: OculusInput pre-init called
[2020.05.17-11.31.54:896][  0]LogWindows: Failed to load 'OVRPlugin.dll' (GetLastError=126)
[2020.05.17-11.31.54:896][  0]LogWindows: File 'OVRPlugin.dll' does not exist
[2020.05.17-11.31.55:697][  0]LogEngine: Initializing Engine...
[2020.05.17-11.31.55:731][  0]LogHMD: Failed to initialize OpenVR with code 110
[2020.05.17-11.31.55:761][  0]LogStats: UGameplayTagsManager::InitializeManager -  0.015 s
[2020.05.17-11.31.57:598][  0]LogInit: Initializing FReadOnlyCVARCache
[2020.05.17-11.31.58:056][  0]LogAIModule: Creating AISystem for world Untitled
[2020.05.17-11.31.58:232][  0]LogAudioMixer: Display: Audio Mixer Platform Settings:
[2020.05.17-11.31.58:233][  0]LogAudioMixer: Display: 	Sample Rate:						  48000
[2020.05.17-11.31.58:233][  0]LogAudioMixer: Display: 	Callback Buffer Frame Size Requested: 1024
[2020.05.17-11.31.58:233][  0]LogAudioMixer: Display: 	Callback Buffer Frame Size To Use:	  1024
[2020.05.17-11.31.58:233][  0]LogAudioMixer: Display: 	Number of buffers to queue:			  2
[2020.05.17-11.31.58:233][  0]LogAudioMixer: Display: 	Max Channels (voices):				  32
[2020.05.17-11.31.58:233][  0]LogAudioMixer: Display: 	Number of Async Source Workers:		  0
[2020.05.17-11.31.58:235][  0]LogAudio: Display: AudioDevice MaxSources: 32
[2020.05.17-11.31.58:248][  0]LogAudio: Display: Using built-in audio occlusion.
[2020.05.17-11.31.58:251][  0]LogAudioMixer: Display: Initializing audio mixer.
[2020.05.17-11.31.59:688][  0]LogAudioMixer: Display: Audio Device Output Speaker Info:
[2020.05.17-11.31.59:688][  0]LogAudioMixer: Display: Name: Speaker/Headphone (Realtek High Definition Audio)
[2020.05.17-11.31.59:688][  0]LogAudioMixer: Display: Is Default: Yes
[2020.05.17-11.31.59:688][  0]LogAudioMixer: Display: Sample Rate: 48000
[2020.05.17-11.31.59:688][  0]LogAudioMixer: Display: Channel Count Used: 2
[2020.05.17-11.31.59:688][  0]LogAudioMixer: Display: Device Channel Count: 2
[2020.05.17-11.31.59:688][  0]LogAudioMixer: Display: Channel Order:
[2020.05.17-11.31.59:688][  0]LogAudioMixer: Display: 0: FrontLeft
[2020.05.17-11.31.59:688][  0]LogAudioMixer: Display: 1: FrontRight
[2020.05.17-11.32.02:159][  0]LogAudioMixer: Display: Using Audio Device Speaker/Headphone (Realtek High Definition Audio)
[2020.05.17-11.32.02:197][  0]LogInit: FAudioDevice initialized.
[2020.05.17-11.32.02:207][  0]LogNetVersion: Set ProjectVersion to 1.0.0.0. Version Checksum will be recalculated on next use.
[2020.05.17-11.32.03:160][  0]LogDerivedDataCache: Saved boot cache 0.95s 78MB C:/Users/Kalin/AppData/Local/UnrealEngine/4.24/DerivedDataCache/Boot.ddc.
[2020.05.17-11.32.03:200][  0]LogInit: Texture streaming: Enabled
[2020.05.17-11.32.03:458][  0]LogEngineSessionManager: EngineSessionManager initialized
[2020.05.17-11.32.03:460][  0]LogEditorSessionSummary: Verbose: Initializing EditorSessionSummaryWriter for editor session tracking
[2020.05.17-11.32.03:509][  0]LogEditorSessionSummary: EditorSessionSummaryWriter initialized
[2020.05.17-11.32.03:930][  0]LogInit: Transaction tracking system initialized
[2020.05.17-11.32.03:733][  0]BlueprintLog: New page: Editor Load
[2020.05.17-11.32.04:852][  0]LocalizationService: Localization service is disabled
[2020.05.17-11.32.16:036][  0]LogFileCache: Scanning file cache for directory 'C:/Users/Kalin/Documents/GitHub/The-Kidnapping-Factory/Content/' took 0.03s
[2020.05.17-11.32.16:036][  0]LogCook: Display: Max memory allowance for cook 16384mb min free memory 0mb
[2020.05.17-11.32.16:036][  0]LogCook: Display: Mobile HDR setting 1
[2020.05.17-11.32.20:849][  0]SourceControl: Source control is disabled
[2020.05.17-11.32.20:871][  0]Cmd: MAP LOAD FILE="../../../../../Users/Kalin/Documents/GitHub/The-Kidnapping-Factory/Content/FirstPersonBP/Maps/FirstPersonExampleMap.umap" TEMPLATE=0 SHOWPROGRESS=1 FEATURELEVEL=3
[2020.05.17-11.32.20:883][  0]LightingResults: New page: Lighting Build
[2020.05.17-11.32.20:971][  0]LogWorld: UWorld::CleanupWorld for Untitled, bSessionEnded=true, bCleanupResources=true
[2020.05.17-11.32.20:991][  0]LogSlate: InvalidateAllWidgets triggered.  All widgets were invalidated
[2020.05.17-11.32.21:001][  0]MapCheck: New page: Map Check
[2020.05.17-11.32.21:002][  0]LightingResults: New page: Lighting Build
[2020.05.17-11.32.21:321][  0]LogUObjectHash: Compacting FUObjectHashTables data took   4.59ms
[2020.05.17-11.32.27:713][  0]LogStaticMesh: Building static mesh 1M_Cube...
[2020.05.17-11.32.27:793][  0]LogStaticMesh: Built static mesh [0.18s] /Game/Geometry/Meshes/1M_Cube.1M_Cube
[2020.05.17-11.32.28:701][  0]LogAIModule: Creating AISystem for world FirstPersonExampleMap
[2020.05.17-11.32.29:193][  0]LogEditorServer: Finished looking for orphan Actors (0.000 secs)
[2020.05.17-11.32.29:558][  0]LogUObjectHash: Compacting FUObjectHashTables data took   5.71ms
[2020.05.17-11.32.29:566][  0]Cmd: MAP CHECKDEP NOCLEARLOG
[2020.05.17-11.32.29:571][  0]MapCheck: Map check complete: 0 Error(s), 0 Warning(s), took 3.418ms to complete.
[2020.05.17-11.32.29:572][  0]LogFileHelpers: Loading map 'FirstPersonExampleMap' took 8.716
[2020.05.17-11.32.30:664][  0]LogSlate: Updating window title bar state: overlay mode, drag disabled, window buttons hidden, title bar hidden
[2020.05.17-11.32.30:695][  0]LogSlate: Updating window title bar state: overlay mode, drag disabled, window buttons hidden, title bar hidden
[2020.05.17-11.32.30:713][  0]LogSlate: Updating window title bar state: overlay mode, drag disabled, window buttons hidden, title bar hidden
[2020.05.17-11.32.30:731][  0]LogSlate: Updating window title bar state: overlay mode, drag disabled, window buttons hidden, title bar hidden
[2020.05.17-11.32.30:825][  0]LogCollectionManager: Loaded 0 collections in 0.005997 seconds
[2020.05.17-11.32.31:017][  0]LogFileCache: Scanning file cache for directory 'C:/Users/Kalin/Documents/GitHub/The-Kidnapping-Factory/Saved/Collections/' took 0.00s
[2020.05.17-11.32.31:017][  0]LogFileCache: Scanning file cache for directory 'C:/Users/Kalin/Documents/GitHub/The-Kidnapping-Factory/Content/Developers/Kalin/Collections/' took 0.00s
[2020.05.17-11.32.31:017][  0]LogFileCache: Scanning file cache for directory 'C:/Users/Kalin/Documents/GitHub/The-Kidnapping-Factory/Content/Collections/' took 0.00s
[2020.05.17-11.32.31:017][  0]LogContentBrowser: Native class hierarchy populated in 0.0243 seconds. Added 3015 classes and 717 folders.
[2020.05.17-11.32.31:084][  0]LogContentBrowser: Native class hierarchy updated for 'WidgetCarousel' in 0.0007 seconds. Added 0 classes and 0 folders.
[2020.05.17-11.32.32:762][  0]LogContentBrowser: Native class hierarchy updated for 'AddContentDialog' in 0.0007 seconds. Added 0 classes and 0 folders.
[2020.05.17-11.32.32:814][  0]LogContentBrowser: Native class hierarchy updated for 'SceneOutliner' in 0.0008 seconds. Added 2 classes and 3 folders.
[2020.05.17-11.32.34:056][  0]LogSlate: Took 0.095294 seconds to synchronously load lazily loaded font '../../../Engine/Content/Slate/Fonts/Roboto-Regular.ttf' (155K)
[2020.05.17-11.32.34:336][  0]LogSlate: Took 0.258663 seconds to synchronously load lazily loaded font '../../../Engine/Content/Slate/Fonts/Roboto-Bold.ttf' (160K)
[2020.05.17-11.32.34:517][  0]LogSlate: Took 0.160938 seconds to synchronously load lazily loaded font '../../../Engine/Content/Editor/Slate/Fonts/FontAwesome.ttf' (139K)
[2020.05.17-11.32.35:196][  0]LogRenderer: Reallocating scene render targets to support 964x432 Format 10 NumSamples 1 (Frame:1).
[2020.05.17-11.32.37:643][  0]LogContentBrowser: Native class hierarchy updated for 'HierarchicalLODOutliner' in 0.0009 seconds. Added 0 classes and 0 folders.
[2020.05.17-11.32.37:643][  0]LogLoad: (Engine Initialization) Total time: 115.25 seconds
[2020.05.17-11.32.37:643][  0]LogLoad: (Engine Initialization) Total Blueprint compile time: 0.00 seconds
[2020.05.17-11.32.37:934][  0]LogContentStreaming: Texture pool size now 400 MB
[2020.05.17-11.32.38:441][  0]LogSlate: Took 0.379154 seconds to synchronously load lazily loaded font '../../../Engine/Content/Slate/Fonts/Roboto-Light.ttf' (167K)
[2020.05.17-11.32.41:416][ 19]LogAssetRegistry: Asset discovery search completed in 79.1070 seconds
[2020.05.17-11.32.41:434][ 19]LogCollectionManager: Fixed up redirectors for 0 collections in 0.001792 seconds (updated 0 objects)
[2020.05.17-11.32.42:292][ 42]LogAudioMixer: Display: Audio Buffer Underrun detected.
[2020.05.17-11.34.46:021][963]LogSlate: Took 0.000977 seconds to synchronously load lazily loaded font '../../../Engine/Content/Slate/Fonts/Roboto-Light.ttf' (167K)
[2020.05.17-11.34.46:070][963]LogAssetEditorSubsystem: Opening Asset editor for World /Game/GameContent/Maps/MainMenu.MainMenu
[2020.05.17-11.34.46:218][963]LogUObjectHash: Compacting FUObjectHashTables data took   3.69ms
[2020.05.17-11.34.47:881][963]LogSlate: Window 'Save Content' being destroyed
[2020.05.17-11.34.48:328][963]LogUObjectHash: Compacting FUObjectHashTables data took   1.58ms
[2020.05.17-11.34.48:986][963]LogSavePackage: Moving '../../../../../Users/Kalin/Documents/GitHub/The-Kidnapping-Factory/Saved/MainMenu7E9FDCD245DB7E65F88031B0EFD722E1.tmp' to '../../../../../Users/Kalin/Documents/GitHub/The-Kidnapping-Factory/Content/GameContent/Maps/MainMenu.umap'
[2020.05.17-11.34.49:055][963]LogFileHelpers: Saving map 'MainMenu' took 1.042
[2020.05.17-11.34.49:194][963]Cmd: MAP LOAD FILE="../../../../../Users/Kalin/Documents/GitHub/The-Kidnapping-Factory/Content/GameContent/Maps/MainMenu.umap" TEMPLATE=0 SHOWPROGRESS=1 FEATURELEVEL=3
[2020.05.17-11.34.49:197][963]LightingResults: New page: Lighting Build
[2020.05.17-11.34.49:199][963]LoadErrors: New page: Loading map: MainMenu.umap
[2020.05.17-11.34.49:250][963]LogWorld: UWorld::CleanupWorld for FirstPersonExampleMap, bSessionEnded=true, bCleanupResources=true
[2020.05.17-11.34.49:291][963]LogSlate: InvalidateAllWidgets triggered.  All widgets were invalidated
[2020.05.17-11.34.49:318][963]MapCheck: New page: Map Check
[2020.05.17-11.34.49:318][963]LightingResults: New page: Lighting Build
[2020.05.17-11.34.49:665][963]LogUObjectHash: Compacting FUObjectHashTables data took   3.80ms
[2020.05.17-11.34.50:160][963]LogEditorServer: Finished looking for orphan Actors (0.000 secs)
[2020.05.17-11.34.50:160][963]LogAIModule: Creating AISystem for world MainMenu
[2020.05.17-11.34.50:263][963]LogUObjectHash: Compacting FUObjectHashTables data took   3.75ms
[2020.05.17-11.34.50:301][963]Cmd: MAP CHECKDEP NOCLEARLOG
[2020.05.17-11.34.50:301][963]MapCheck: Map check complete: 0 Error(s), 0 Warning(s), took 0.524ms to complete.
[2020.05.17-11.34.50:302][963]LogFileHelpers: Loading map 'MainMenu' took 1.247
[2020.05.17-11.34.50:573][963]AssetCheck: New page: Asset Save: MainMenu
[2020.05.17-11.34.50:573][963]LogContentValidation: Display: Validating World /Game/GameContent/Maps/MainMenu.MainMenu
[2020.05.17-11.35.06:546][471]LogAssetEditorSubsystem: Opening Asset editor for WidgetBlueprint /Game/GameContent/UI/MainMenu.MainMenu
[2020.05.17-11.35.08:770][471]LogContentBrowser: Native class hierarchy updated for 'BlueprintGraph' in 0.0017 seconds. Added 121 classes and 0 folders.
[2020.05.17-11.35.24:802][471]LogSlate: Took 0.015074 seconds to synchronously load lazily loaded font '../../../Engine/Content/Slate/Fonts/Roboto-BoldCondensed.ttf' (158K)
[2020.05.17-11.35.28:976][551]LogSlate: Window 'MainMenu' being destroyed
[2020.05.17-11.36.57:701][897]LogAudioMixer: Display: Audio Buffer Underrun detected.
[2020.05.17-11.36.58:249][919]LogSlate: Window 'Color Picker' being destroyed
[2020.05.17-11.37.05:753][186]LogSlate: Window 'Color Picker' being destroyed
[2020.05.17-11.37.09:830][326]LogSlate: Window 'Color Picker' being destroyed
[2020.05.17-11.38.17:939][849]LogSlate: Took 0.089021 seconds to synchronously load lazily loaded font '../../../Engine/Content/Slate/Fonts/DroidSansFallback.ttf' (3848K)
[2020.05.17-11.38.30:192][315]Cmd: OBJ SAVEPACKAGE PACKAGE="/Game/GameContent/UI/MainMenu" FILE="../../../../../Users/Kalin/Documents/GitHub/The-Kidnapping-Factory/Content/GameContent/UI/MainMenu.uasset" SILENT=true
[2020.05.17-11.38.31:183][315]LogSavePackage: Moving '../../../../../Users/Kalin/Documents/GitHub/The-Kidnapping-Factory/Saved/MainMenu601F4F2B401FEE7C27AF168A3746D034.tmp' to '../../../../../Users/Kalin/Documents/GitHub/The-Kidnapping-Factory/Content/GameContent/UI/MainMenu.uasset'
[2020.05.17-11.38.31:260][315]AssetCheck: New page: Asset Save: MainMenu
[2020.05.17-11.38.31:260][315]LogContentValidation: Display: Validating WidgetBlueprint /Game/GameContent/UI/MainMenu.MainMenu
[2020.05.17-11.38.46:087][903]BlueprintLog: New page: Compile MainMenu
[2020.05.17-11.38.47:870][903]LogUObjectHash: Compacting FUObjectHashTables data took  29.29ms
[2020.05.17-11.38.49:084][934]Cmd: OBJ SAVEPACKAGE PACKAGE="/Game/GameContent/UI/MainMenu" FILE="../../../../../Users/Kalin/Documents/GitHub/The-Kidnapping-Factory/Content/GameContent/UI/MainMenu.uasset" SILENT=true
[2020.05.17-11.38.49:880][934]LogSavePackage: Moving '../../../../../Users/Kalin/Documents/GitHub/The-Kidnapping-Factory/Saved/MainMenu243DEFB6445FDB567A72D1975C8A86D6.tmp' to '../../../../../Users/Kalin/Documents/GitHub/The-Kidnapping-Factory/Content/GameContent/UI/MainMenu.uasset'
[2020.05.17-11.38.49:922][934]AssetCheck: New page: Asset Save: MainMenu
[2020.05.17-11.38.49:922][934]LogContentValidation: Display: Validating WidgetBlueprint /Game/GameContent/UI/MainMenu.MainMenu
[2020.05.17-11.39.08:437][665]LogSlate: Window 'Color Picker' being destroyed
[2020.05.17-11.39.35:799][649]LogSlate: Window 'Color Picker' being destroyed
[2020.05.17-11.39.39:914][792]BlueprintLog: New page: Compile MainMenu
[2020.05.17-11.39.40:191][792]LogUObjectHash: Compacting FUObjectHashTables data took  12.59ms
[2020.05.17-11.39.40:972][810]Cmd: OBJ SAVEPACKAGE PACKAGE="/Game/GameContent/UI/MainMenu" FILE="../../../../../Users/Kalin/Documents/GitHub/The-Kidnapping-Factory/Content/GameContent/UI/MainMenu.uasset" SILENT=true
[2020.05.17-11.39.41:048][810]LogSavePackage: Moving '../../../../../Users/Kalin/Documents/GitHub/The-Kidnapping-Factory/Saved/MainMenu54E04E1D45A1C60AED3ED58F5D067F5E.tmp' to '../../../../../Users/Kalin/Documents/GitHub/The-Kidnapping-Factory/Content/GameContent/UI/MainMenu.uasset'
[2020.05.17-11.39.46:036][810]AssetCheck: New page: Asset Save: MainMenu
[2020.05.17-11.39.46:036][810]LogContentValidation: Display: Validating WidgetBlueprint /Game/GameContent/UI/MainMenu.MainMenu
[2020.05.17-11.40.04:290][439]LogWorld: UWorld::CleanupWorld for World_1, bSessionEnded=true, bCleanupResources=true
[2020.05.17-11.40.04:290][439]LogSlate: InvalidateAllWidgets triggered.  All widgets were invalidated
[2020.05.17-11.40.04:330][439]LogWorld: UWorld::CleanupWorld for World_0, bSessionEnded=true, bCleanupResources=true
[2020.05.17-11.40.04:330][439]LogSlate: InvalidateAllWidgets triggered.  All widgets were invalidated
[2020.05.17-11.40.21:412][874]LogSlate: Window 'Enter Chunk ID' being destroyed
[2020.05.17-11.40.28:301][ 10]LogSlate: Window 'Enter Chunk ID' being destroyed
[2020.05.17-11.40.41:491][113]LogFactory: FactoryCreateFile: Texture with ReimportTextureFactory (0 0 C:\Users\Kalin\Documents\GitHub\The-Kidnapping-Factory\Icons\The-Kidnapping-Factory.png)
[2020.05.17-11.40.41:508][113]LogTexture: Display: Building textures: The-Kidnapping-Factory (BGRA8, 368X39)
[2020.05.17-11.40.51:881][356]LogSlate: Window 'Enter Chunk ID' being destroyed
[2020.05.17-11.41.03:836][730]LogAssetEditorSubsystem: Opening Asset editor for WidgetBlueprint /Game/GameContent/UI/MainMenu.MainMenu
[2020.05.17-11.42.27:374][104]LogSlate: Window 'Color Picker' being destroyed
[2020.05.17-11.44.22:640][ 44]BlueprintLog: New page: Compile MainMenu
[2020.05.17-11.44.23:369][ 44]LogUObjectHash: Compacting FUObjectHashTables data took  11.53ms
[2020.05.17-11.44.24:205][ 67]Cmd: OBJ SAVEPACKAGE PACKAGE="/Game/GameContent/UI/MainMenu" FILE="../../../../../Users/Kalin/Documents/GitHub/The-Kidnapping-Factory/Content/GameContent/UI/MainMenu.uasset" SILENT=true
[2020.05.17-11.44.24:274][ 67]LogSavePackage: Moving '../../../../../Users/Kalin/Documents/GitHub/The-Kidnapping-Factory/Saved/MainMenu84DE23884972F9BB10F2B48502FD3372.tmp' to '../../../../../Users/Kalin/Documents/GitHub/The-Kidnapping-Factory/Content/GameContent/UI/MainMenu.uasset'
[2020.05.17-11.44.24:326][ 67]AssetCheck: New page: Asset Save: MainMenu
[2020.05.17-11.44.24:326][ 67]LogContentValidation: Display: Validating WidgetBlueprint /Game/GameContent/UI/MainMenu.MainMenu
[2020.05.17-11.44.27:964][221]LogWorld: UWorld::CleanupWorld for World_3, bSessionEnded=true, bCleanupResources=true
[2020.05.17-11.44.27:965][221]LogSlate: InvalidateAllWidgets triggered.  All widgets were invalidated
[2020.05.17-11.44.28:015][221]LogWorld: UWorld::CleanupWorld for World_2, bSessionEnded=true, bCleanupResources=true
[2020.05.17-11.44.28:016][221]LogSlate: InvalidateAllWidgets triggered.  All widgets were invalidated
[2020.05.17-11.44.34:723][404]LogAssetEditorSubsystem: Opening Asset editor for LevelScriptBlueprint /Game/GameContent/Maps/MainMenu.MainMenu:PersistentLevel.MainMenu
[2020.05.17-11.44.40:362][450]LogSlate: Window 'MainMenu' being destroyed
[2020.05.17-11.44.44:652][580]LogUObjectHash: Compacting FUObjectHashTables data took  12.05ms
[2020.05.17-11.44.44:754][580]LogSavePackage: Moving '../../../../../Users/Kalin/Documents/GitHub/The-Kidnapping-Factory/Saved/MainMenu7D461FD34A43CCFC98BA3BA3219D330A.tmp' to '../../../../../Users/Kalin/Documents/GitHub/The-Kidnapping-Factory/Content/GameContent/Maps/MainMenu.umap'
[2020.05.17-11.44.44:813][580]LogFileHelpers: Saving map 'MainMenu' took 0.802
[2020.05.17-11.44.44:889][580]AssetCheck: New page: Asset Save: MainMenu
[2020.05.17-11.44.44:889][580]LogContentValidation: Display: Validating World /Game/GameContent/Maps/MainMenu.MainMenu
[2020.05.17-11.45.03:580][235]LogSlate: Took 0.014844 seconds to synchronously load lazily loaded font '../../../Engine/Content/Slate/Fonts/Roboto-Italic.ttf' (157K)
[2020.05.17-11.48.40:986][447]BlueprintLog: New page: Compile MainMenu
[2020.05.17-11.48.41:760][447]LogUObjectHash: Compacting FUObjectHashTables data took   9.05ms
[2020.05.17-11.48.42:679][478]LogUObjectHash: Compacting FUObjectHashTables data took   8.91ms
[2020.05.17-11.48.43:384][478]LogSavePackage: Moving '../../../../../Users/Kalin/Documents/GitHub/The-Kidnapping-Factory/Saved/MainMenuFF77361E46204CBC8203398852ADDCC6.tmp' to '../../../../../Users/Kalin/Documents/GitHub/The-Kidnapping-Factory/Content/GameContent/Maps/MainMenu.umap'
[2020.05.17-11.48.43:453][478]LogFileHelpers: Saving map 'MainMenu' took 0.922
[2020.05.17-11.48.43:536][478]AssetCheck: New page: Asset Save: MainMenu
[2020.05.17-11.48.43:536][478]LogContentValidation: Display: Validating World /Game/GameContent/Maps/MainMenu.MainMenu
[2020.05.17-11.48.46:897][589]LogWorld: UWorld::CleanupWorld for World_6, bSessionEnded=true, bCleanupResources=true
[2020.05.17-11.48.46:897][589]LogSlate: InvalidateAllWidgets triggered.  All widgets were invalidated
[2020.05.17-11.48.49:326][648]LogTemp: Repeating last play command: Selected Viewport
[2020.05.17-11.48.49:445][648]LogBlueprintUserMessages: Early PlayInEditor Detection: Level '/Game/GameContent/Maps/MainMenu.MainMenu:PersistentLevel' has LevelScriptBlueprint '/Game/GameContent/Maps/MainMenu.MainMenu:PersistentLevel.MainMenu' with GeneratedClass '/Game/GameContent/Maps/MainMenu.MainMenu_C' with ClassGeneratedBy '/Game/GameContent/Maps/MainMenu.MainMenu:PersistentLevel.MainMenu'
[2020.05.17-11.48.49:530][648]LogPlayLevel: PlayLevel: No blueprints needed recompiling
[2020.05.17-11.48.49:549][648]PIE: New page: PIE session: MainMenu (17 May 2020, 13:48:49)
[2020.05.17-11.48.50:044][648]LogOnline: OSS: Creating online subsystem instance for: NULL
[2020.05.17-11.48.50:173][648]LogOnline: OSS: TryLoadSubsystemAndSetDefault: Loaded subsystem for module [NULL]
[2020.05.17-11.48.50:182][648]LogPlayLevel: Creating play world package: /Game/GameContent/Maps/UEDPIE_0_MainMenu
[2020.05.17-11.48.50:219][648]LogPlayLevel: PIE: StaticDuplicateObject took: (0.036282s)
[2020.05.17-11.48.50:225][648]LogAIModule: Creating AISystem for world MainMenu
[2020.05.17-11.48.50:229][648]LogPlayLevel: PIE: World Init took: (0.009119s)
[2020.05.17-11.48.50:231][648]LogPlayLevel: PIE: Created PIE world by copying editor world from /Game/GameContent/Maps/MainMenu.MainMenu to /Game/GameContent/Maps/UEDPIE_0_MainMenu.MainMenu (0.049118s)
[2020.05.17-11.48.50:358][648]LogUObjectHash: Compacting FUObjectHashTables data took   7.72ms
[2020.05.17-11.48.50:431][648]LogAudioMixer: Display: Audio Mixer Platform Settings:
[2020.05.17-11.48.50:431][648]LogAudioMixer: Display: 	Sample Rate:						  48000
[2020.05.17-11.48.50:431][648]LogAudioMixer: Display: 	Callback Buffer Frame Size Requested: 1024
[2020.05.17-11.48.50:431][648]LogAudioMixer: Display: 	Callback Buffer Frame Size To Use:	  1024
[2020.05.17-11.48.50:431][648]LogAudioMixer: Display: 	Number of buffers to queue:			  2
[2020.05.17-11.48.50:431][648]LogAudioMixer: Display: 	Max Channels (voices):				  32
[2020.05.17-11.48.50:431][648]LogAudioMixer: Display: 	Number of Async Source Workers:		  0
[2020.05.17-11.48.50:431][648]LogAudio: Display: AudioDevice MaxSources: 32
[2020.05.17-11.48.50:432][648]LogAudio: Display: Using built-in audio occlusion.
[2020.05.17-11.48.50:432][648]LogAudioMixer: Display: Initializing audio mixer.
[2020.05.17-11.48.50:813][648]LogAudioMixer: Display: Audio Device Output Speaker Info:
[2020.05.17-11.48.50:813][648]LogAudioMixer: Display: Name: Speaker/Headphone (Realtek High Definition Audio)
[2020.05.17-11.48.50:813][648]LogAudioMixer: Display: Is Default: Yes
[2020.05.17-11.48.50:813][648]LogAudioMixer: Display: Sample Rate: 48000
[2020.05.17-11.48.50:813][648]LogAudioMixer: Display: Channel Count Used: 2
[2020.05.17-11.48.50:813][648]LogAudioMixer: Display: Device Channel Count: 2
[2020.05.17-11.48.50:813][648]LogAudioMixer: Display: Channel Order:
[2020.05.17-11.48.50:813][648]LogAudioMixer: Display: 0: FrontLeft
[2020.05.17-11.48.50:813][648]LogAudioMixer: Display: 1: FrontRight
[2020.05.17-11.48.51:932][648]LogAudioMixer: Display: Using Audio Device Speaker/Headphone (Realtek High Definition Audio)
[2020.05.17-11.48.51:940][648]LogInit: FAudioDevice initialized.
[2020.05.17-11.48.52:325][648]LogLoad: Game class is 'FirstPersonGameMode_C'
[2020.05.17-11.48.52:342][648]LogWorld: Bringing World /Game/GameContent/Maps/UEDPIE_0_MainMenu.MainMenu up for play (max tick rate 60) at 2020.05.17-12.48.52
[2020.05.17-11.48.52:356][648]LogWorld: Bringing up level for play took: 0.015943
[2020.05.17-11.48.52:361][648]LogOnline: OSS: Creating online subsystem instance for: :Context_9
[2020.05.17-11.48.52:642][648]LogContentBrowser: Native class hierarchy updated for 'MovieSceneCapture' in 0.0021 seconds. Added 20 classes and 0 folders.
[2020.05.17-11.48.53:003][648]PIE: Play in editor start time for /Game/GameContent/Maps/UEDPIE_0_MainMenu 3.88
[2020.05.17-11.48.53:003][648]LogBlueprintUserMessages: Late PlayInEditor Detection: Level '/Game/GameContent/Maps/MainMenu.MainMenu:PersistentLevel' has LevelScriptBlueprint '/Game/GameContent/Maps/MainMenu.MainMenu:PersistentLevel.MainMenu' with GeneratedClass '/Game/GameContent/Maps/MainMenu.MainMenu_C' with ClassGeneratedBy '/Game/GameContent/Maps/MainMenu.MainMenu:PersistentLevel.MainMenu'
[2020.05.17-11.49.00:095][838]LogAudioMixer: Display: No commands were queued while flushing the source manager.
[2020.05.17-11.49.00:111][838]LogAudioMixer: Display: Flush succeeded in the source manager command queue (1).
[2020.05.17-11.49.00:131][838]LogAudioMixer: Display: Flush succeeded the source manager command queue (2).
[2020.05.17-11.49.00:226][838]LogBlueprintUserMessages: Early EndPlayMap Detection: Level '/Game/GameContent/Maps/MainMenu.MainMenu:PersistentLevel' has LevelScriptBlueprint '/Game/GameContent/Maps/MainMenu.MainMenu:PersistentLevel.MainMenu' with GeneratedClass '/Game/GameContent/Maps/MainMenu.MainMenu_C' with ClassGeneratedBy '/Game/GameContent/Maps/MainMenu.MainMenu:PersistentLevel.MainMenu'
[2020.05.17-11.49.00:232][838]LogSlate: Updating window title bar state: overlay mode, drag disabled, window buttons hidden, title bar hidden
[2020.05.17-11.49.00:232][838]LogWorld: BeginTearingDown for /Game/GameContent/Maps/UEDPIE_0_MainMenu
[2020.05.17-11.49.00:236][838]LogAudioMixer: Display: No commands were queued while flushing the source manager.
[2020.05.17-11.49.00:240][838]LogWorld: UWorld::CleanupWorld for MainMenu, bSessionEnded=true, bCleanupResources=true
[2020.05.17-11.49.00:241][838]LogSlate: InvalidateAllWidgets triggered.  All widgets were invalidated
[2020.05.17-11.49.00:319][838]LogPlayLevel: Display: Shutting down PIE online subsystems
[2020.05.17-11.49.00:320][838]LogBlueprintUserMessages: Late EndPlayMap Detection: Level '/Game/GameContent/Maps/MainMenu.MainMenu:PersistentLevel' has LevelScriptBlueprint '/Game/GameContent/Maps/MainMenu.MainMenu:PersistentLevel.MainMenu' with GeneratedClass '/Game/GameContent/Maps/MainMenu.MainMenu_C' with ClassGeneratedBy '/Game/GameContent/Maps/MainMenu.MainMenu:PersistentLevel.MainMenu'
[2020.05.17-11.49.00:338][838]LogSlate: InvalidateAllWidgets triggered.  All widgets were invalidated
[2020.05.17-11.49.00:489][838]LogAudioMixer: Display: No commands were queued while flushing the source manager.
[2020.05.17-11.49.00:777][838]LogSlate: Updating window title bar state: overlay mode, drag disabled, window buttons hidden, title bar hidden
[2020.05.17-11.49.00:917][838]LogUObjectHash: Compacting FUObjectHashTables data took  10.94ms
[2020.05.17-11.49.00:989][839]LogPlayLevel: Display: Destroying online subsystem :Context_9
[2020.05.17-11.49.08:433][ 47]LogAssetEditorSubsystem: Opening Asset editor for WidgetBlueprint /Game/GameContent/UI/MainMenu.MainMenu
[2020.05.17-11.49.12:865][164]LogWorld: UWorld::CleanupWorld for World_9, bSessionEnded=true, bCleanupResources=true
[2020.05.17-11.49.12:866][164]LogSlate: InvalidateAllWidgets triggered.  All widgets were invalidated
[2020.05.17-11.49.12:879][164]LogWorld: UWorld::CleanupWorld for World_8, bSessionEnded=true, bCleanupResources=true
[2020.05.17-11.49.12:879][164]LogSlate: InvalidateAllWidgets triggered.  All widgets were invalidated
[2020.05.17-11.50.26:084][280]LogAssetEditorSubsystem: Opening Asset editor for WidgetBlueprint /Game/GameContent/UI/MainMenu.MainMenu
[2020.05.17-11.52.36:069][293]BlueprintLog: New page: Compile MainMenu
[2020.05.17-11.52.38:074][293]LogUObjectHash: Compacting FUObjectHashTables data took  16.05ms
[2020.05.17-11.52.39:578][334]Cmd: OBJ SAVEPACKAGE PACKAGE="/Game/GameContent/UI/MainMenu" FILE="../../../../../Users/Kalin/Documents/GitHub/The-Kidnapping-Factory/Content/GameContent/UI/MainMenu.uasset" SILENT=true
[2020.05.17-11.52.40:328][334]LogSavePackage: Moving '../../../../../Users/Kalin/Documents/GitHub/The-Kidnapping-Factory/Saved/MainMenuBA1F96B844F27BFFA2EDF28E97E3924E.tmp' to '../../../../../Users/Kalin/Documents/GitHub/The-Kidnapping-Factory/Content/GameContent/UI/MainMenu.uasset'
[2020.05.17-11.52.40:437][334]AssetCheck: New page: Asset Save: MainMenu
[2020.05.17-11.52.40:438][334]LogContentValidation: Display: Validating WidgetBlueprint /Game/GameContent/UI/MainMenu.MainMenu
[2020.05.17-11.54.20:530][397]LogAudioMixer: Display: Audio Buffer Underrun detected.
[2020.05.17-11.54.25:771][397]LogSlate: Window 'Copy Movie' being destroyed
[2020.05.17-11.54.38:016][742]LogSlate: Window 'Copy Movie' being destroyed
[2020.05.17-11.54.54:972][449]LogWorld: UWorld::CleanupWorld for World_11, bSessionEnded=true, bCleanupResources=true
[2020.05.17-11.54.55:006][449]LogSlate: InvalidateAllWidgets triggered.  All widgets were invalidated
[2020.05.17-11.54.55:333][449]LogWorld: UWorld::CleanupWorld for World_10, bSessionEnded=true, bCleanupResources=true
[2020.05.17-11.54.55:333][449]LogSlate: InvalidateAllWidgets triggered.  All widgets were invalidated
[2020.05.17-11.54.56:997][471]LogTemp: Repeating last play command: Selected Viewport
[2020.05.17-11.54.57:116][471]LogBlueprintUserMessages: Early PlayInEditor Detection: Level '/Game/GameContent/Maps/MainMenu.MainMenu:PersistentLevel' has LevelScriptBlueprint '/Game/GameContent/Maps/MainMenu.MainMenu:PersistentLevel.MainMenu' with GeneratedClass '/Game/GameContent/Maps/MainMenu.MainMenu_C' with ClassGeneratedBy '/Game/GameContent/Maps/MainMenu.MainMenu:PersistentLevel.MainMenu'
[2020.05.17-11.54.57:135][471]LogPlayLevel: PlayLevel: No blueprints needed recompiling
[2020.05.17-11.54.57:138][471]PIE: New page: PIE session: MainMenu (17 May 2020, 13:54:57)
[2020.05.17-11.54.57:175][471]LogPlayLevel: Creating play world package: /Game/GameContent/Maps/UEDPIE_0_MainMenu
[2020.05.17-11.54.57:339][471]LogPlayLevel: PIE: StaticDuplicateObject took: (0.163889s)
[2020.05.17-11.54.57:378][471]LogAIModule: Creating AISystem for world MainMenu
[2020.05.17-11.54.57:378][471]LogPlayLevel: PIE: World Init took: (0.038907s)
[2020.05.17-11.54.57:380][471]LogPlayLevel: PIE: Created PIE world by copying editor world from /Game/GameContent/Maps/MainMenu.MainMenu to /Game/GameContent/Maps/UEDPIE_0_MainMenu.MainMenu (0.208322s)
[2020.05.17-11.54.57:833][471]LogUObjectHash: Compacting FUObjectHashTables data took  16.95ms
[2020.05.17-11.54.58:485][471]LogAudioMixer: Display: Audio Mixer Platform Settings:
[2020.05.17-11.54.58:485][471]LogAudioMixer: Display: 	Sample Rate:						  48000
[2020.05.17-11.54.58:485][471]LogAudioMixer: Display: 	Callback Buffer Frame Size Requested: 1024
[2020.05.17-11.54.58:485][471]LogAudioMixer: Display: 	Callback Buffer Frame Size To Use:	  1024
[2020.05.17-11.54.58:485][471]LogAudioMixer: Display: 	Number of buffers to queue:			  2
[2020.05.17-11.54.58:486][471]LogAudioMixer: Display: 	Max Channels (voices):				  32
[2020.05.17-11.54.58:486][471]LogAudioMixer: Display: 	Number of Async Source Workers:		  0
[2020.05.17-11.54.58:521][471]LogAudio: Display: AudioDevice MaxSources: 32
[2020.05.17-11.54.58:532][471]LogAudio: Display: Using built-in audio occlusion.
[2020.05.17-11.54.58:532][471]LogAudioMixer: Display: Initializing audio mixer.
[2020.05.17-11.54.58:838][471]LogAudioMixer: Display: Audio Device Output Speaker Info:
[2020.05.17-11.54.58:838][471]LogAudioMixer: Display: Name: Speaker/Headphone (Realtek High Definition Audio)
[2020.05.17-11.54.58:838][471]LogAudioMixer: Display: Is Default: Yes
[2020.05.17-11.54.58:838][471]LogAudioMixer: Display: Sample Rate: 48000
[2020.05.17-11.54.58:838][471]LogAudioMixer: Display: Channel Count Used: 2
[2020.05.17-11.54.58:838][471]LogAudioMixer: Display: Device Channel Count: 2
[2020.05.17-11.54.58:838][471]LogAudioMixer: Display: Channel Order:
[2020.05.17-11.54.58:838][471]LogAudioMixer: Display: 0: FrontLeft
[2020.05.17-11.54.58:838][471]LogAudioMixer: Display: 1: FrontRight
[2020.05.17-11.54.59:942][471]LogAudioMixer: Display: Using Audio Device Speaker/Headphone (Realtek High Definition Audio)
[2020.05.17-11.54.59:958][471]LogInit: FAudioDevice initialized.
[2020.05.17-11.55.00:196][471]LogLoad: Game class is 'FirstPersonGameMode_C'
[2020.05.17-11.55.00:228][471]LogWorld: Bringing World /Game/GameContent/Maps/UEDPIE_0_MainMenu.MainMenu up for play (max tick rate 60) at 2020.05.17-12.55.00
[2020.05.17-11.55.00:239][471]LogWorld: Bringing up level for play took: 0.018345
[2020.05.17-11.55.00:323][471]LogOnline: OSS: Creating online subsystem instance for: :Context_14
[2020.05.17-11.55.00:898][471]PIE: Play in editor start time for /Game/GameContent/Maps/UEDPIE_0_MainMenu 3.775
[2020.05.17-11.55.00:915][471]LogBlueprintUserMessages: Late PlayInEditor Detection: Level '/Game/GameContent/Maps/MainMenu.MainMenu:PersistentLevel' has LevelScriptBlueprint '/Game/GameContent/Maps/MainMenu.MainMenu:PersistentLevel.MainMenu' with GeneratedClass '/Game/GameContent/Maps/MainMenu.MainMenu_C' with ClassGeneratedBy '/Game/GameContent/Maps/MainMenu.MainMenu:PersistentLevel.MainMenu'
[2020.05.17-11.55.02:661][516]LogSlate: Updating window title bar state: overlay mode, drag disabled, window buttons hidden, title bar hidden
[2020.05.17-11.55.02:683][516]LogNet: Browse: /Game/GameContent/Maps/Factory
[2020.05.17-11.55.02:690][516]LogLoad: LoadMap: /Game/GameContent/Maps/Factory
[2020.05.17-11.55.02:690][516]LogWorld: BeginTearingDown for /Game/GameContent/Maps/UEDPIE_0_MainMenu
[2020.05.17-11.55.02:873][516]LogWorld: UWorld::CleanupWorld for MainMenu, bSessionEnded=true, bCleanupResources=true
[2020.05.17-11.55.02:877][516]LogSlate: InvalidateAllWidgets triggered.  All widgets were invalidated
[2020.05.17-11.55.02:879][516]LogAudioMixer: Display: No commands were queued while flushing the source manager.
[2020.05.17-11.55.03:012][516]LogUObjectHash: Compacting FUObjectHashTables data took   7.01ms
[2020.05.17-11.55.03:086][516]LogPlayLevel: Creating play world package: /Game/GameContent/Maps/UEDPIE_0_Factory
[2020.05.17-11.55.03:088][516]LogPlayLevel: PIE: StaticDuplicateObject took: (0.001385s)
[2020.05.17-11.55.03:090][516]LogAIModule: Creating AISystem for world Factory
[2020.05.17-11.55.03:092][516]LogPlayLevel: PIE: World Init took: (0.003875s)
[2020.05.17-11.55.03:092][516]LogPlayLevel: PIE: Created PIE world by copying editor world from /Game/GameContent/Maps/Factory.Factory to /Game/GameContent/Maps/UEDPIE_0_Factory.Factory (0.005982s)
[2020.05.17-11.55.03:092][516]LogLoad: Game class is 'FirstPersonGameMode_C'
[2020.05.17-11.55.03:094][516]LogWorld: Bringing World /Game/GameContent/Maps/UEDPIE_0_Factory.Factory up for play (max tick rate 60) at 2020.05.17-12.55.03
[2020.05.17-11.55.03:094][516]LogWorld: Bringing up level for play took: 0.000809
[2020.05.17-11.55.03:095][516]LogGameMode: FindPlayerStart: PATHS NOT DEFINED or NO PLAYERSTART with positive rating
[2020.05.17-11.55.03:108][516]LogLoad: Took 0.415420 seconds to LoadMap(/Game/GameContent/Maps/UEDPIE_0_Factory)
[2020.05.17-11.55.12:907][727]LogAudioMixer: Display: No commands were queued while flushing the source manager.
[2020.05.17-11.55.12:932][727]LogAudioMixer: Display: Flush succeeded in the source manager command queue (1).
[2020.05.17-11.55.12:953][727]LogAudioMixer: Display: Flush succeeded the source manager command queue (2).
[2020.05.17-11.55.12:957][727]LogBlueprintUserMessages: Early EndPlayMap Detection: Level '/Game/GameContent/Maps/MainMenu.MainMenu:PersistentLevel' has LevelScriptBlueprint '/Game/GameContent/Maps/MainMenu.MainMenu:PersistentLevel.MainMenu' with GeneratedClass '/Game/GameContent/Maps/MainMenu.MainMenu_C' with ClassGeneratedBy '/Game/GameContent/Maps/MainMenu.MainMenu:PersistentLevel.MainMenu'
[2020.05.17-11.55.12:959][727]LogSlate: Updating window title bar state: overlay mode, drag disabled, window buttons hidden, title bar hidden
[2020.05.17-11.55.12:959][727]LogWorld: BeginTearingDown for /Game/GameContent/Maps/UEDPIE_0_Factory
[2020.05.17-11.55.12:959][727]LogAudioMixer: Display: No commands were queued while flushing the source manager.
[2020.05.17-11.55.12:959][727]LogWorld: UWorld::CleanupWorld for Factory, bSessionEnded=true, bCleanupResources=true
[2020.05.17-11.55.13:020][727]LogSlate: InvalidateAllWidgets triggered.  All widgets were invalidated
[2020.05.17-11.55.13:043][727]LogPlayLevel: Display: Shutting down PIE online subsystems
[2020.05.17-11.55.13:045][727]LogBlueprintUserMessages: Late EndPlayMap Detection: Level '/Game/GameContent/Maps/MainMenu.MainMenu:PersistentLevel' has LevelScriptBlueprint '/Game/GameContent/Maps/MainMenu.MainMenu:PersistentLevel.MainMenu' with GeneratedClass '/Game/GameContent/Maps/MainMenu.MainMenu_C' with ClassGeneratedBy '/Game/GameContent/Maps/MainMenu.MainMenu:PersistentLevel.MainMenu'
[2020.05.17-11.55.13:061][727]LogSlate: InvalidateAllWidgets triggered.  All widgets were invalidated
[2020.05.17-11.55.13:195][727]LogAudioMixer: Display: No commands were queued while flushing the source manager.
[2020.05.17-11.55.13:492][727]LogSlate: Updating window title bar state: overlay mode, drag disabled, window buttons hidden, title bar hidden
[2020.05.17-11.55.13:506][727]LogUObjectHash: Compacting FUObjectHashTables data took   9.69ms
[2020.05.17-11.55.13:664][728]LogPlayLevel: Display: Destroying online subsystem :Context_14
[2020.05.17-11.55.22:698][900]LogAssetEditorSubsystem: Opening Asset editor for World /Game/GameContent/Maps/Factory.Factory
[2020.05.17-11.55.23:064][900]LogUObjectHash: Compacting FUObjectHashTables data took   2.92ms
[2020.05.17-11.55.25:905][900]LogSlate: Window 'Save Content' being destroyed
[2020.05.17-11.55.27:333][900]LogSavePackage: Moving '../../../../../Users/Kalin/Documents/GitHub/The-Kidnapping-Factory/Saved/The-Kidnapping-Factory5222DBF44D7D241BCDE050BA58D1E749.tmp' to '../../../../../Users/Kalin/Documents/GitHub/The-Kidnapping-Factory/Content/GameContent/Images/The-Kidnapping-Factory.uasset'
[2020.05.17-11.55.27:958][900]LogUObjectHash: Compacting FUObjectHashTables data took   9.83ms
[2020.05.17-11.55.28:004][900]LogSavePackage: Moving '../../../../../Users/Kalin/Documents/GitHub/The-Kidnapping-Factory/Saved/Factory0E8744EC4161BFE8ABE90FBE2B69888C.tmp' to '../../../../../Users/Kalin/Documents/GitHub/The-Kidnapping-Factory/Content/GameContent/Maps/Factory.umap'
[2020.05.17-11.55.28:009][900]LogFileHelpers: Saving map 'Factory' took 0.655
[2020.05.17-11.55.30:978][900]Cmd: MAP LOAD FILE="../../../../../Users/Kalin/Documents/GitHub/The-Kidnapping-Factory/Content/GameContent/Maps/Factory.umap" TEMPLATE=0 SHOWPROGRESS=1 FEATURELEVEL=3
[2020.05.17-11.55.30:992][900]LightingResults: New page: Lighting Build
[2020.05.17-11.55.31:050][900]LoadErrors: New page: Loading map: Factory.umap
[2020.05.17-11.55.31:059][900]LogWorld: UWorld::CleanupWorld for MainMenu, bSessionEnded=true, bCleanupResources=true
[2020.05.17-11.55.31:060][900]LogSlate: InvalidateAllWidgets triggered.  All widgets were invalidated
[2020.05.17-11.55.31:060][900]MapCheck: New page: Map Check
[2020.05.17-11.55.31:060][900]LightingResults: New page: Lighting Build
[2020.05.17-11.55.32:514][900]LogUObjectHash: Compacting FUObjectHashTables data took   9.13ms
[2020.05.17-11.55.34:756][900]LogEditorServer: Finished looking for orphan Actors (0.000 secs)
[2020.05.17-11.55.34:756][900]LogAIModule: Creating AISystem for world Factory
[2020.05.17-11.55.34:909][900]LogUObjectHash: Compacting FUObjectHashTables data took   8.12ms
[2020.05.17-11.55.34:948][900]Cmd: MAP CHECKDEP NOCLEARLOG
[2020.05.17-11.55.34:953][900]MapCheck: Map check complete: 0 Error(s), 0 Warning(s), took 4.803ms to complete.
[2020.05.17-11.55.34:953][900]LogFileHelpers: Loading map 'Factory' took 6.944
[2020.05.17-11.55.35:895][900]AssetCheck: New page: Asset Save: multiple assets
[2020.05.17-11.55.35:896][900]LogContentValidation: Display: Validating Texture2D /Game/GameContent/Images/The-Kidnapping-Factory.The-Kidnapping-Factory
[2020.05.17-11.55.35:896][900]LogContentValidation: Display: Validating World /Game/GameContent/Maps/Factory.Factory
[2020.05.17-11.55.36:168][901]LogAudioMixer: Display: Audio Buffer Underrun detected.
[2020.05.17-11.55.47:568][195]LogAudioMixer: Display: Audio Buffer Underrun detected.
[2020.05.17-11.56.01:434][439]LogSlate: Window 'Color Picker' being destroyed
[2020.05.17-11.56.13:718][731]LogSlate: Window 'Color Picker' being destroyed
[2020.05.17-11.56.18:438][850]LogSlate: Window 'Color Picker' being destroyed
[2020.05.17-11.57.01:999][902]LogActorFactory: Actor Factory created Cube
[2020.05.17-11.57.05:307][923]LogActorFactory: Actor Factory created Cube
[2020.05.17-11.57.07:952][968]Cmd: DELETE
[2020.05.17-11.57.07:952][968]Cmd: ACTOR DELETE
[2020.05.17-11.57.08:410][968]LogEditorActor: Deleted Actor: StaticMeshActor
[2020.05.17-11.57.08:644][968]LogUObjectHash: Compacting FUObjectHashTables data took   8.93ms
[2020.05.17-11.57.08:656][968]LogEditorActor: Deleted 1 Actors (0.390 secs)
[2020.05.17-11.57.09:274][987]LogEditorViewport: Clicking on Actor (LMB): SkyAtmosphere (SkyAtmosphere)
[2020.05.17-11.57.09:780][999]Cmd: DELETE
[2020.05.17-11.57.09:780][999]Cmd: ACTOR DELETE
[2020.05.17-11.57.09:783][999]LogEditorActor: Deleted Actor: SkyAtmosphere
[2020.05.17-11.57.09:919][999]LogUObjectHash: Compacting FUObjectHashTables data took   2.09ms
[2020.05.17-11.57.09:921][999]LogEditorActor: Deleted 1 Actors (0.140 secs)
[2020.05.17-11.58.13:089][551]LogSlate: Window 'Color Picker' being destroyed
[2020.05.17-11.58.23:318][771]LogUObjectHash: Compacting FUObjectHashTables data took  10.55ms
[2020.05.17-11.58.23:572][771]LogSavePackage: Moving '../../../../../Users/Kalin/Documents/GitHub/The-Kidnapping-Factory/Saved/FactoryE08493724200931D856AB8974F50364E.tmp' to '../../../../../Users/Kalin/Documents/GitHub/The-Kidnapping-Factory/Content/GameContent/Maps/Factory.umap'
[2020.05.17-11.58.23:982][771]AssetCheck: New page: Asset Save: Factory
[2020.05.17-11.58.23:982][771]LogContentValidation: Display: Validating World /Game/GameContent/Maps/Factory.Factory
